<?xml version="1.0" encoding="UTF-8"?>
<testng-results skipped="2" failed="1" total="32" passed="29">
  <reporter-output>
    <line>
      <![CDATA[Business list first business before filter : JS Home Services, Saidapet]]>
    </line>
    <line>
      <![CDATA[Business list first business after filter : T. Nagar]]>
    </line>
    <line>
      <![CDATA[Filter values : T. Nagar]]>
    </line>
    <line>
      <![CDATA[Business list first business before filter : S.S.K. Air Cool System, T. Nagar]]>
    </line>
    <line>
      <![CDATA[Business list first business after filter : Power Cooling Systems, Shenoy Nagar]]>
    </line>
    <line>
      <![CDATA[Save to phone is not working fine]]>
    </line>
    <line>
      <![CDATA[Save to phone is not working fine]]>
    </line>
    <line>
      <![CDATA[Getquote LCF appeared]]>
    </line>
    <line>
      <![CDATA[Country code displayed correctly]]>
    </line>
    <line>
      <![CDATA[Displayed message : US]]>
    </line>
    <line>
      <![CDATA[Business list first business before filter : ICICI Bank, Parrys]]>
    </line>
    <line>
      <![CDATA[Business list first business after filter : T. Nagar]]>
    </line>
    <line>
      <![CDATA[Filter values : T. Nagar]]>
    </line>
    <line>
      <![CDATA[Save to phone is not working fine]]>
    </line>
    <line>
      <![CDATA[Save to phone working fine]]>
    </line>
    <line>
      <![CDATA[Get quote button is not display]]>
    </line>
    <line>
      <![CDATA[http://www.sulekha.com/category-king-locality9-ypcity-contact-address]]>
    </line>
    <line>
      <![CDATA[Get quote Pass]]>
    </line>
    <line>
      <![CDATA[http://www.sulekha.com/category-king-locality9-ypcity-contact-address]]>
    </line>
    <line>
      <![CDATA[Save to phone pass]]>
    </line>
    <line>
      <![CDATA[http://www.sulekha.com/drivers/velachery-chennai]]>
    </line>
    <line>
      <![CDATA[Selected Attribute : Driver services]]>
    </line>
    <line>
      <![CDATA[Check box / Radio  : radio]]>
    </line>
    <line>
      <![CDATA[Selected Attribute : Temporary driver]]>
    </line>
    <line>
      <![CDATA[Check box / Radio  : radio]]>
    </line>
    <line>
      <![CDATA[Selected Attribute : Driver for personal use]]>
    </line>
    <line>
      <![CDATA[Check box / Radio  : radio]]>
    </line>
    <line>
      <![CDATA[Selected Attribute : Hatchback]]>
    </line>
    <line>
      <![CDATA[Check box / Radio  : checkbox]]>
    </line>
    <line>
      <![CDATA[Selected Attribute : Hindi]]>
    </line>
    <line>
      <![CDATA[Check box / Radio  : checkbox]]>
    </line>
    <line>
      <![CDATA[Selected Attribute : Individuals looking for drivers]]>
    </line>
    <line>
      <![CDATA[Check box / Radio  : radio]]>
    </line>
    <line>
      <![CDATA[Note: Contact info vaules are filled]]>
    </line>
    <line>
      <![CDATA[Note: OTP vaule is filled]]>
    </line>
    <line>
      <![CDATA[Thank you message is display]]>
    </line>
    <line>
      <![CDATA[Dashboard landed succesfully]]>
    </line>
    <line>
      <![CDATA[http://www.sulekha.com/bike-transport-services/chennai]]>
    </line>
    <line>
      <![CDATA[Selected Attribute : Two wheeler]]>
    </line>
    <line>
      <![CDATA[Check box / Radio  : checkbox]]>
    </line>
    <line>
      <![CDATA[Selected Attribute : Mumbai]]>
    </line>
    <line>
      <![CDATA[Check box / Radio  : radio]]>
    </line>
    <line>
      <![CDATA[Selected Attribute : As soon as possible]]>
    </line>
    <line>
      <![CDATA[Check box / Radio  : radio]]>
    </line>
    <line>
      <![CDATA[Note: Contact info vaules are filled]]>
    </line>
    <line>
      <![CDATA[Note: OTP vaule is filled]]>
    </line>
    <line>
      <![CDATA[Thank you message is display]]>
    </line>
    <line>
      <![CDATA[Dashboard landed succesfully]]>
    </line>
    <line>
      <![CDATA[http://www.sulekha.com/residential-cleaning-services/anna-salai-chennai]]>
    </line>
    <line>
      <![CDATA[Selected Attribute : Apartment]]>
    </line>
    <line>
      <![CDATA[Check box / Radio  : checkbox]]>
    </line>
    <line>
      <![CDATA[Selected Attribute : Basic cleaning]]>
    </line>
    <line>
      <![CDATA[Check box / Radio  : radio]]>
    </line>
    <line>
      <![CDATA[Selected Attribute : Floor]]>
    </line>
    <line>
      <![CDATA[Check box / Radio  : checkbox]]>
    </line>
    <line>
      <![CDATA[Note: Contact info vaules are filled]]>
    </line>
    <line>
      <![CDATA[Note: OTP vaule is filled]]>
    </line>
    <line>
      <![CDATA[Thank you message is display]]>
    </line>
    <line>
      <![CDATA[Dashboard landed succesfully]]>
    </line>
    <line>
      <![CDATA[http://www.sulekha.com/projector-repair-services/chennai]]>
    </line>
    <line>
      <![CDATA[Selected Attribute : Projector repair & services]]>
    </line>
    <line>
      <![CDATA[Check box / Radio  : radio]]>
    </line>
    <line>
      <![CDATA[Selected Attribute : LCD]]>
    </line>
    <line>
      <![CDATA[Check box / Radio  : radio]]>
    </line>
    <line>
      <![CDATA[Selected Attribute : No power]]>
    </line>
    <line>
      <![CDATA[Check box / Radio  : checkbox]]>
    </line>
    <line>
      <![CDATA[Selected Attribute : Doorstep]]>
    </line>
    <line>
      <![CDATA[Check box / Radio  : radio]]>
    </line>
    <line>
      <![CDATA[Selected Attribute : Acer]]>
    </line>
    <line>
      <![CDATA[Check box / Radio  : checkbox]]>
    </line>
    <line>
      <![CDATA[Location changed attribute : Service centre]]>
    </line>
    <line>
      <![CDATA[Selected locality : Adambakkam, Adyar]]>
    </line>
    <line>
      <![CDATA[Multi locality selected : Adambakkam
×
+1 more]]>
    </line>
    <line>
      <![CDATA[Note: Contact info vaules are filled]]>
    </line>
    <line>
      <![CDATA[Note: OTP vaule is filled]]>
    </line>
    <line>
      <![CDATA[Thank you message is display]]>
    </line>
    <line>
      <![CDATA[Dashboard landed succesfully]]>
    </line>
    <line>
      <![CDATA[http://www.sulekha.com/projector-repair-services/chennai]]>
    </line>
    <line>
      <![CDATA[Selected Attribute : Projector repair & services]]>
    </line>
    <line>
      <![CDATA[Check box / Radio  : radio]]>
    </line>
    <line>
      <![CDATA[Selected Attribute : LCD]]>
    </line>
    <line>
      <![CDATA[Check box / Radio  : radio]]>
    </line>
    <line>
      <![CDATA[Selected Attribute : No power]]>
    </line>
    <line>
      <![CDATA[Check box / Radio  : checkbox]]>
    </line>
    <line>
      <![CDATA[Selected Attribute : Doorstep]]>
    </line>
    <line>
      <![CDATA[Check box / Radio  : radio]]>
    </line>
    <line>
      <![CDATA[Selected Attribute : Acer]]>
    </line>
    <line>
      <![CDATA[Check box / Radio  : checkbox]]>
    </line>
    <line>
      <![CDATA[Selected locality : Agaram]]>
    </line>
    <line>
      <![CDATA[Note: Contact info vaules are filled]]>
    </line>
    <line>
      <![CDATA[Note: OTP vaule is filled]]>
    </line>
    <line>
      <![CDATA[Thank you message is display]]>
    </line>
    <line>
      <![CDATA[Dashboard landed succesfully]]>
    </line>
    <line>
      <![CDATA[http://www.sulekha.com/transporters/chennai?q=Transporter#popup]]>
    </line>
    <line>
      <![CDATA[Selected Attribute : Warehouse services]]>
    </line>
    <line>
      <![CDATA[Check box / Radio  : radio]]>
    </line>
    <line>
      <![CDATA[Selected Attribute : Bonded]]>
    </line>
    <line>
      <![CDATA[Check box / Radio  : radio]]>
    </line>
    <line>
      <![CDATA[Selected Attribute : Perishable goods]]>
    </line>
    <line>
      <![CDATA[Check box / Radio  : radio]]>
    </line>
    <line>
      <![CDATA[Selected Attribute : Less than 10 days]]>
    </line>
    <line>
      <![CDATA[Check box / Radio  : radio]]>
    </line>
    <line>
      <![CDATA[Selected locality : Agaram]]>
    </line>
    <line>
      <![CDATA[Note: Contact info vaules are filled]]>
    </line>
    <line>
      <![CDATA[Note: OTP vaule is filled]]>
    </line>
    <line>
      <![CDATA[Thank you message is display]]>
    </line>
    <line>
      <![CDATA[Dashboard landed succesfully]]>
    </line>
    <line>
      <![CDATA[http://www.sulekha.com/valet-parking-drivers/chennai]]>
    </line>
    <line>
      <![CDATA[Selected Attribute : Temporary driver]]>
    </line>
    <line>
      <![CDATA[Check box / Radio  : radio]]>
    </line>
    <line>
      <![CDATA[Selected Attribute : Valet parking]]>
    </line>
    <line>
      <![CDATA[Check box / Radio  : radio]]>
    </line>
    <line>
      <![CDATA[Selected Attribute : Hatchback]]>
    </line>
    <line>
      <![CDATA[Check box / Radio  : checkbox]]>
    </line>
    <line>
      <![CDATA[Selected Attribute : Hindi]]>
    </line>
    <line>
      <![CDATA[Check box / Radio  : checkbox]]>
    </line>
    <line>
      <![CDATA[Selected Attribute : Individuals looking for drivers]]>
    </line>
    <line>
      <![CDATA[Check box / Radio  : radio]]>
    </line>
    <line>
      <![CDATA[Selected locality : Agaram]]>
    </line>
    <line>
      <![CDATA[Note: Contact info vaules are filled]]>
    </line>
    <line>
      <![CDATA[Note: OTP vaule is filled]]>
    </line>
    <line>
      <![CDATA[Thank you message is display]]>
    </line>
    <line>
      <![CDATA[Dashboard landed succesfully]]>
    </line>
    <line>
      <![CDATA[http://www.sulekha.com/womens-hostel/chennai]]>
    </line>
    <line>
      <![CDATA[Selected Attribute : Student]]>
    </line>
    <line>
      <![CDATA[Check box / Radio  : radio]]>
    </line>
    <line>
      <![CDATA[Selected Attribute : AC]]>
    </line>
    <line>
      <![CDATA[Check box / Radio  : checkbox]]>
    </line>
    <line>
      <![CDATA[Selected Attribute : Single]]>
    </line>
    <line>
      <![CDATA[Check box / Radio  : checkbox]]>
    </line>
    <line>
      <![CDATA[Selected Attribute : Less than 1 month]]>
    </line>
    <line>
      <![CDATA[Check box / Radio  : radio]]>
    </line>
    <line>
      <![CDATA[Selected Attribute : I'm Flexible]]>
    </line>
    <line>
      <![CDATA[Check box / Radio  : radio]]>
    </line>
    <line>
      <![CDATA[Selected Attribute : As soon as possible]]>
    </line>
    <line>
      <![CDATA[Check box / Radio  : radio]]>
    </line>
    <line>
      <![CDATA[Selected locality : Adambakkam, Adyar]]>
    </line>
    <line>
      <![CDATA[Multi locality selected : Adambakkam
×
+1 more]]>
    </line>
    <line>
      <![CDATA[Note: Contact info vaules are filled]]>
    </line>
    <line>
      <![CDATA[Note: OTP vaule is filled]]>
    </line>
    <line>
      <![CDATA[Thank you message is display]]>
    </line>
    <line>
      <![CDATA[Dashboard landed succesfully]]>
    </line>
    <line>
      <![CDATA[http://www.sulekha.com/commercial-vehicle-driver-services-n/chennai]]>
    </line>
    <line>
      <![CDATA[LCF land on Need question]]>
    </line>
    <line>
      <![CDATA[Selected Attribute : Yellow board car / cab]]>
    </line>
    <line>
      <![CDATA[Check box / Radio  : checkbox]]>
    </line>
    <line>
      <![CDATA[Selected Attribute : Once]]>
    </line>
    <line>
      <![CDATA[Check box / Radio  : radio]]>
    </line>
    <line>
      <![CDATA[Selected Attribute : Individuals looking for drivers]]>
    </line>
    <line>
      <![CDATA[Check box / Radio  : radio]]>
    </line>
    <line>
      <![CDATA[Selected locality : Agaram]]>
    </line>
    <line>
      <![CDATA[Additional info text entered ]]>
    </line>
    <line>
      <![CDATA[Note: Contact info vaules are filled]]>
    </line>
    <line>
      <![CDATA[Note: OTP vaule is filled]]>
    </line>
    <line>
      <![CDATA[Thank you message is display]]>
    </line>
    <line>
      <![CDATA[Dashboard landed succesfully]]>
    </line>
    <line>
      <![CDATA[http://www.sulekha.com/gopalakrishna-driving-school-kelambakkam-chennai-contact-address]]>
    </line>
    <line>
      <![CDATA[Selected Attribute : Two wheeler driving class]]>
    </line>
    <line>
      <![CDATA[Check box / Radio  : radio]]>
    </line>
    <line>
      <![CDATA[Selected Attribute : Geared]]>
    </line>
    <line>
      <![CDATA[Check box / Radio  : radio]]>
    </line>
    <line>
      <![CDATA[Selected Attribute : Doorstep]]>
    </line>
    <line>
      <![CDATA[Check box / Radio  : radio]]>
    </line>
    <line>
      <![CDATA[Selected Attribute : Own]]>
    </line>
    <line>
      <![CDATA[Check box / Radio  : radio]]>
    </line>
    <line>
      <![CDATA[Selected locality : Agaram]]>
    </line>
    <line>
      <![CDATA[Note: Contact info vaules are filled]]>
    </line>
    <line>
      <![CDATA[Note: OTP vaule is filled]]>
    </line>
    <line>
      <![CDATA[Thank you message is display]]>
    </line>
    <line>
      <![CDATA[Dashboard landed succesfully]]>
    </line>
    <line>
      <![CDATA[http://www.sulekha.com/vls-logistic-supply-chain-service-isanpur-ahmedabad-contact-address#popup]]>
    </line>
    <line>
      <![CDATA[Selected Attribute : Industrial transporters]]>
    </line>
    <line>
      <![CDATA[Check box / Radio  : radio]]>
    </line>
    <line>
      <![CDATA[Selected Attribute : Within India]]>
    </line>
    <line>
      <![CDATA[Check box / Radio  : radio]]>
    </line>
    <line>
      <![CDATA[Selected Attribute : Industrial equipment]]>
    </line>
    <line>
      <![CDATA[Check box / Radio  : checkbox]]>
    </line>
    <line>
      <![CDATA[Selected Attribute : As soon as possible]]>
    </line>
    <line>
      <![CDATA[Check box / Radio  : radio]]>
    </line>
    <line>
      <![CDATA[Note: Contact info vaules are filled]]>
    </line>
    <line>
      <![CDATA[Note: OTP vaule is filled]]>
    </line>
    <line>
      <![CDATA[Thank you message is display]]>
    </line>
    <line>
      <![CDATA[Dashboard landed succesfully]]>
    </line>
    <line>
      <![CDATA[http://www.sulekha.com/pest-control-services/chennai?tp=getquotes]]>
    </line>
    <line>
      <![CDATA[Selected Attribute : Residential pest control]]>
    </line>
    <line>
      <![CDATA[Check box / Radio  : radio]]>
    </line>
    <line>
      <![CDATA[Selected Attribute : General]]>
    </line>
    <line>
      <![CDATA[Check box / Radio  : radio]]>
    </line>
    <line>
      <![CDATA[Selected Attribute : Lizards]]>
    </line>
    <line>
      <![CDATA[Check box / Radio  : checkbox]]>
    </line>
    <line>
      <![CDATA[Selected Attribute : Less than 500 Sq ft]]>
    </line>
    <line>
      <![CDATA[Check box / Radio  : radio]]>
    </line>
    <line>
      <![CDATA[Selected Attribute : One Time]]>
    </line>
    <line>
      <![CDATA[Check box / Radio  : radio]]>
    </line>
    <line>
      <![CDATA[Selected Attribute : As Suggested By The Service Expert]]>
    </line>
    <line>
      <![CDATA[Check box / Radio  : radio]]>
    </line>
    <line>
      <![CDATA[Selected Attribute : I'm Flexible]]>
    </line>
    <line>
      <![CDATA[Check box / Radio  : radio]]>
    </line>
    <line>
      <![CDATA[Selected locality : Agaram]]>
    </line>
    <line>
      <![CDATA[Note: Contact info vaules are filled]]>
    </line>
    <line>
      <![CDATA[Note: OTP vaule is filled]]>
    </line>
    <line>
      <![CDATA[Thank you message is display]]>
    </line>
    <line>
      <![CDATA[Dashboard landed succesfully]]>
    </line>
    <line>
      <![CDATA[http://www.sulekha.com/packers-and-movers/chennai?pagetype=sem]]>
    </line>
    <line>
      <![CDATA[Selected Attribute : Within city packers & movers]]>
    </line>
    <line>
      <![CDATA[Check box / Radio  : radio]]>
    </line>
    <line>
      <![CDATA[Selected Attribute : Household items]]>
    </line>
    <line>
      <![CDATA[Check box / Radio  : checkbox]]>
    </line>
    <line>
      <![CDATA[Selected Attribute : As soon as possible]]>
    </line>
    <line>
      <![CDATA[Check box / Radio  : radio]]>
    </line>
    <line>
      <![CDATA[Note: Contact info vaules are filled]]>
    </line>
    <line>
      <![CDATA[Note: OTP vaule is filled]]>
    </line>
    <line>
      <![CDATA[Thank you message is display]]>
    </line>
    <line>
      <![CDATA[Dashboard landed succesfully]]>
    </line>
    <line>
      <![CDATA[http://www.sulekha.com/cleaning-services/pune?pagetype=sem&md=ai]]>
    </line>
    <line>
      <![CDATA[Selected Attribute : Cleaning services]]>
    </line>
    <line>
      <![CDATA[Check box / Radio  : radio]]>
    </line>
    <line>
      <![CDATA[Selected Attribute : Apartment]]>
    </line>
    <line>
      <![CDATA[Check box / Radio  : checkbox]]>
    </line>
    <line>
      <![CDATA[Selected Attribute : Basic cleaning]]>
    </line>
    <line>
      <![CDATA[Check box / Radio  : radio]]>
    </line>
    <line>
      <![CDATA[Selected Attribute : Floor]]>
    </line>
    <line>
      <![CDATA[Check box / Radio  : checkbox]]>
    </line>
    <line>
      <![CDATA[Selected locality : Ala]]>
    </line>
    <line>
      <![CDATA[Note: Contact info vaules are filled]]>
    </line>
    <line>
      <![CDATA[Additional info text entered ]]>
    </line>
    <line>
      <![CDATA[Note: OTP vaule is filled]]>
    </line>
    <line>
      <![CDATA[Thank you message is display]]>
    </line>
    <line>
      <![CDATA[Dashboard landed succesfully]]>
    </line>
    <line>
      <![CDATA[http://www.sulekha.com/packers-and-movers/chennai]]>
    </line>
    <line>
      <![CDATA[Selected Attribute : Within city packers & movers]]>
    </line>
    <line>
      <![CDATA[Check box / Radio  : radio]]>
    </line>
    <line>
      <![CDATA[Selected Attribute : Household items]]>
    </line>
    <line>
      <![CDATA[Check box / Radio  : checkbox]]>
    </line>
    <line>
      <![CDATA[Selected Attribute : As soon as possible]]>
    </line>
    <line>
      <![CDATA[Check box / Radio  : radio]]>
    </line>
    <line>
      <![CDATA[Selected Other attribute : Others]]>
    </line>
    <line>
      <![CDATA[Selected Date schedule attribute : By a specific date (please specify)]]>
    </line>
    <line>
      <![CDATA[Selected Date : 20]]>
    </line>
    <line>
      <![CDATA[Note: Contact info vaules are filled]]>
    </line>
    <line>
      <![CDATA[Additional info text entered ]]>
    </line>
    <line>
      <![CDATA[Note: OTP vaule is filled]]>
    </line>
    <line>
      <![CDATA[Thank you message is display]]>
    </line>
    <line>
      <![CDATA[Dashboard landed succesfully]]>
    </line>
    <line>
      <![CDATA[https://www.sulekha.com/playschools/chennai]]>
    </line>
    <line>
      <![CDATA[Selected Attribute : Playschool]]>
    </line>
    <line>
      <![CDATA[Check box / Radio  : radio]]>
    </line>
    <line>
      <![CDATA[Selected Attribute : Boy]]>
    </line>
    <line>
      <![CDATA[Check box / Radio  : radio]]>
    </line>
    <line>
      <![CDATA[Selected Attribute : Less than or equal to 12 months]]>
    </line>
    <line>
      <![CDATA[Check box / Radio  : radio]]>
    </line>
    <line>
      <![CDATA[Selected Date : 20]]>
    </line>
    <line>
      <![CDATA[Selected locality : Adambakkam, Adyar]]>
    </line>
    <line>
      <![CDATA[Multi locality selected : Adambakkam
×
+1 more]]>
    </line>
    <line>
      <![CDATA[Note: Contact info vaules are filled]]>
    </line>
    <line>
      <![CDATA[Note: OTP vaule is filled]]>
    </line>
    <line>
      <![CDATA[Thank you message is display]]>
    </line>
    <line>
      <![CDATA[Dashboard landed succesfully]]>
    </line>
    <line>
      <![CDATA[https://www.sulekha.com/cake-shops/chennai]]>
    </line>
    <line>
      <![CDATA[Note: Contact info vaules are filled]]>
    </line>
    <line>
      <![CDATA[Note: OTP vaule is filled]]>
    </line>
    <line>
      <![CDATA[Thank you message is display]]>
    </line>
    <line>
      <![CDATA[Dashboard landed succesfully]]>
    </line>
    <line>
      <![CDATA[https://www.sulekha.com/internet-service-providers/chennai]]>
    </line>
    <line>
      <![CDATA[Selected Attribute : Home internet service providers]]>
    </line>
    <line>
      <![CDATA[Check box / Radio  : radio]]>
    </line>
    <line>
      <![CDATA[Selected Attribute : Broadband / Wired]]>
    </line>
    <line>
      <![CDATA[Check box / Radio  : radio]]>
    </line>
    <line>
      <![CDATA[Selected Attribute : Airtel]]>
    </line>
    <line>
      <![CDATA[Check box / Radio  : checkbox]]>
    </line>
    <line>
      <![CDATA[Selected locality : Agaram]]>
    </line>
    <line>
      <![CDATA[Note: Contact info vaules are filled]]>
    </line>
    <line>
      <![CDATA[Note: OTP vaule is filled]]>
    </line>
    <line>
      <![CDATA[Thank you message is display]]>
    </line>
    <line>
      <![CDATA[Dashboard landed succesfully]]>
    </line>
    <line>
      <![CDATA[https://www.sulekha.com/ac-services/chennai]]>
    </line>
    <line>
      <![CDATA[Selected Attribute : AC repair & services]]>
    </line>
    <line>
      <![CDATA[Check box / Radio  : radio]]>
    </line>
    <line>
      <![CDATA[Selected Attribute : Window]]>
    </line>
    <line>
      <![CDATA[Check box / Radio  : radio]]>
    </line>
    <line>
      <![CDATA[Selected Attribute : Not working]]>
    </line>
    <line>
      <![CDATA[Check box / Radio  : checkbox]]>
    </line>
    <line>
      <![CDATA[Selected Attribute : Less than 2]]>
    </line>
    <line>
      <![CDATA[Check box / Radio  : radio]]>
    </line>
    <line>
      <![CDATA[Selected Attribute : Blue Star]]>
    </line>
    <line>
      <![CDATA[Check box / Radio  : checkbox]]>
    </line>
    <line>
      <![CDATA[Selected Attribute : Individual looking for services]]>
    </line>
    <line>
      <![CDATA[Check box / Radio  : radio]]>
    </line>
    <line>
      <![CDATA[Selected Attribute : As soon as possible]]>
    </line>
    <line>
      <![CDATA[Check box / Radio  : radio]]>
    </line>
    <line>
      <![CDATA[Selected locality : Agaram]]>
    </line>
    <line>
      <![CDATA[Note: Contact info vaules are filled]]>
    </line>
    <line>
      <![CDATA[Note: OTP vaule is filled]]>
    </line>
    <line>
      <![CDATA[Thank you message is display]]>
    </line>
    <line>
      <![CDATA[Dashboard landed succesfully]]>
    </line>
    <line>
      <![CDATA[https://www.sulekha.com/ac-services/chennai]]>
    </line>
    <line>
      <![CDATA[Selected Attribute : Event catering services]]>
    </line>
    <line>
      <![CDATA[Check box / Radio  : radio]]>
    </line>
    <line>
      <![CDATA[Selected Attribute : Festive occasion]]>
    </line>
    <line>
      <![CDATA[Check box / Radio  : radio]]>
    </line>
    <line>
      <![CDATA[Selected Attribute : Vegetarian]]>
    </line>
    <line>
      <![CDATA[Check box / Radio  : checkbox]]>
    </line>
    <line>
      <![CDATA[Selected Attribute : Less than 30]]>
    </line>
    <line>
      <![CDATA[Check box / Radio  : radio]]>
    </line>
    <line>
      <![CDATA[Selected Attribute : Biryani]]>
    </line>
    <line>
      <![CDATA[Check box / Radio  : checkbox]]>
    </line>
    <line>
      <![CDATA[Selected Attribute : Breakfast]]>
    </line>
    <line>
      <![CDATA[Check box / Radio  : checkbox]]>
    </line>
    <line>
      <![CDATA[Selected locality : Agaram]]>
    </line>
    <line>
      <![CDATA[Note: Contact info vaules are filled]]>
    </line>
    <line>
      <![CDATA[Note: OTP vaule is filled]]>
    </line>
    <line>
      <![CDATA[Thank you message is display]]>
    </line>
    <line>
      <![CDATA[Dashboard landed succesfully]]>
    </line>
    <line>
      <![CDATA[https://www.sulekha.com/cleaning-services/chennai]]>
    </line>
    <line>
      <![CDATA[First need 1 Attribute type is correct > radio : radio]]>
    </line>
    <line>
      <![CDATA[Selected Attribute : Cleaning services]]>
    </line>
    <line>
      <![CDATA[First need 2 Attribute type is correct > checkbox : checkbox]]>
    </line>
    <line>
      <![CDATA[Selected Attribute : Apartment]]>
    </line>
    <line>
      <![CDATA[First need 3 Attribute type is correct > radio : radio]]>
    </line>
    <line>
      <![CDATA[Selected Attribute : Basic cleaning]]>
    </line>
    <line>
      <![CDATA[First need 4 Attribute type is correct > checkbox : checkbox]]>
    </line>
    <line>
      <![CDATA[Selected Attribute : Floor]]>
    </line>
    <line>
      <![CDATA[Total form count : 4]]>
    </line>
    <line>
      <![CDATA[********** 1 need completed ]]>
    </line>
    <line>
      <![CDATA[  ]]>
    </line>
    <line>
      <![CDATA[First need 1 Attribute type is correct > radio : radio]]>
    </line>
    <line>
      <![CDATA[Selected Attribute : Septic tank / drainage cleaning services]]>
    </line>
    <line>
      <![CDATA[First need 2 Attribute type is correct > radio : radio]]>
    </line>
    <line>
      <![CDATA[Selected Attribute : Drainage]]>
    </line>
    <line>
      <![CDATA[First need 3 Attribute type is correct > radio : radio]]>
    </line>
    <line>
      <![CDATA[Selected Attribute : Blocked drainage]]>
    </line>
    <line>
      <![CDATA[Total form count : 3]]>
    </line>
    <line>
      <![CDATA[********** 2 need completed ]]>
    </line>
    <line>
      <![CDATA[  ]]>
    </line>
    <line>
      <![CDATA[First need 1 Attribute type is correct > radio : radio]]>
    </line>
    <line>
      <![CDATA[Selected Attribute : Garbage disposal services]]>
    </line>
    <line>
      <![CDATA[First need 2 Attribute type is correct > checkbox : checkbox]]>
    </line>
    <line>
      <![CDATA[Selected Attribute : Electronic items]]>
    </line>
    <line>
      <![CDATA[First need 3 Attribute type is correct > radio : radio]]>
    </line>
    <line>
      <![CDATA[Selected Attribute : Industrial]]>
    </line>
    <line>
      <![CDATA[First need 4 Attribute type is correct > radio : radio]]>
    </line>
    <line>
      <![CDATA[Selected Attribute : Yearly]]>
    </line>
    <line>
      <![CDATA[Total form count : 4]]>
    </line>
    <line>
      <![CDATA[********** 3 need completed ]]>
    </line>
    <line>
      <![CDATA[  ]]>
    </line>
  </reporter-output>
  <suite name="Suite" duration-ms="2062471" started-at="2017-07-20T04:14:17Z" finished-at="2017-07-20T04:48:39Z">
    <groups>
    </groups>
    <test name="Mobile_VDL_Listing" duration-ms="182376" started-at="2017-07-20T04:14:17Z" finished-at="2017-07-20T04:17:19Z">
      <class name="listingProfile.AA1_Mobile_VDL_Listing">
        <test-method status="PASS" signature="before()[pri:0, instance:listingProfile.AA1_Mobile_VDL_Listing@4563e9ab]" name="before" is-config="true" duration-ms="5745" started-at="2017-07-20T09:44:17Z" finished-at="2017-07-20T09:44:22Z">
          <reporter-output>
          </reporter-output>
        </test-method> <!-- before -->
        <test-method status="PASS" signature="TC001_Filterby()[pri:1, instance:listingProfile.AA1_Mobile_VDL_Listing@4563e9ab]" name="TC001_Filterby" duration-ms="53856" started-at="2017-07-20T09:44:23Z" finished-at="2017-07-20T09:45:17Z">
          <reporter-output>
            <line>
              <![CDATA[Business list first business before filter : JS Home Services, Saidapet]]>
            </line>
            <line>
              <![CDATA[Business list first business after filter : T. Nagar]]>
            </line>
            <line>
              <![CDATA[Filter values : T. Nagar]]>
            </line>
            <line>
              <![CDATA[Business list first business before filter : S.S.K. Air Cool System, T. Nagar]]>
            </line>
            <line>
              <![CDATA[Business list first business after filter : Power Cooling Systems, Shenoy Nagar]]>
            </line>
          </reporter-output>
        </test-method> <!-- TC001_Filterby -->
        <test-method status="SKIP" signature="TC002_Listing_SavetoPhone()[pri:2, instance:listingProfile.AA1_Mobile_VDL_Listing@4563e9ab]" name="TC002_Listing_SavetoPhone" duration-ms="56490" started-at="2017-07-20T09:45:17Z" finished-at="2017-07-20T09:46:13Z">
          <exception class="java.lang.AssertionError">
            <message>
              <![CDATA[null]]>
            </message>
            <full-stacktrace>
              <![CDATA[java.lang.AssertionError: null
	at org.testng.Assert.fail(Assert.java:94)
	at org.testng.Assert.fail(Assert.java:101)
	at listingProfile.AA1_Mobile_VDL_Listing.TC002_Listing_SavetoPhone(AA1_Mobile_VDL_Listing.java:227)
	at sun.reflect.NativeMethodAccessorImpl.invoke0(Native Method)
	at sun.reflect.NativeMethodAccessorImpl.invoke(NativeMethodAccessorImpl.java:62)
	at sun.reflect.DelegatingMethodAccessorImpl.invoke(DelegatingMethodAccessorImpl.java:43)
	at java.lang.reflect.Method.invoke(Method.java:498)
	at org.testng.internal.MethodInvocationHelper.invokeMethod(MethodInvocationHelper.java:85)
	at org.testng.internal.Invoker.invokeMethod(Invoker.java:639)
	at org.testng.internal.Invoker.invokeTestMethod(Invoker.java:816)
	at org.testng.internal.Invoker.invokeTestMethods(Invoker.java:1124)
	at org.testng.internal.TestMethodWorker.invokeTestMethods(TestMethodWorker.java:125)
	at org.testng.internal.TestMethodWorker.run(TestMethodWorker.java:108)
	at org.testng.TestRunner.privateRun(TestRunner.java:774)
	at org.testng.TestRunner.run(TestRunner.java:624)
	at org.testng.SuiteRunner.runTest(SuiteRunner.java:359)
	at org.testng.SuiteRunner.runSequentially(SuiteRunner.java:354)
	at org.testng.SuiteRunner.privateRun(SuiteRunner.java:312)
	at org.testng.SuiteRunner.run(SuiteRunner.java:261)
	at org.testng.SuiteRunnerWorker.runSuite(SuiteRunnerWorker.java:52)
	at org.testng.SuiteRunnerWorker.run(SuiteRunnerWorker.java:86)
	at org.testng.TestNG.runSuitesSequentially(TestNG.java:1215)
	at org.testng.TestNG.runSuitesLocally(TestNG.java:1140)
	at org.testng.TestNG.run(TestNG.java:1048)
	at org.testng.TestNG.privateMain(TestNG.java:1355)
	at org.testng.TestNG.main(TestNG.java:1324)
]]>
            </full-stacktrace>
          </exception> <!-- java.lang.AssertionError -->
          <reporter-output>
            <line>
              <![CDATA[Save to phone is not working fine]]>
            </line>
          </reporter-output>
        </test-method> <!-- TC002_Listing_SavetoPhone -->
        <test-method status="FAIL" signature="TC002_Listing_SavetoPhone()[pri:2, instance:listingProfile.AA1_Mobile_VDL_Listing@4563e9ab]" name="TC002_Listing_SavetoPhone" duration-ms="54886" started-at="2017-07-20T09:46:13Z" finished-at="2017-07-20T09:47:08Z">
          <exception class="java.lang.AssertionError">
            <message>
              <![CDATA[null]]>
            </message>
            <full-stacktrace>
              <![CDATA[java.lang.AssertionError: null
	at org.testng.Assert.fail(Assert.java:94)
	at org.testng.Assert.fail(Assert.java:101)
	at listingProfile.AA1_Mobile_VDL_Listing.TC002_Listing_SavetoPhone(AA1_Mobile_VDL_Listing.java:227)
	at sun.reflect.NativeMethodAccessorImpl.invoke0(Native Method)
	at sun.reflect.NativeMethodAccessorImpl.invoke(NativeMethodAccessorImpl.java:62)
	at sun.reflect.DelegatingMethodAccessorImpl.invoke(DelegatingMethodAccessorImpl.java:43)
	at java.lang.reflect.Method.invoke(Method.java:498)
	at org.testng.internal.MethodInvocationHelper.invokeMethod(MethodInvocationHelper.java:85)
	at org.testng.internal.Invoker.invokeMethod(Invoker.java:639)
	at org.testng.internal.Invoker.retryFailed(Invoker.java:963)
	at org.testng.internal.Invoker.invokeTestMethods(Invoker.java:1142)
	at org.testng.internal.TestMethodWorker.invokeTestMethods(TestMethodWorker.java:125)
	at org.testng.internal.TestMethodWorker.run(TestMethodWorker.java:108)
	at org.testng.TestRunner.privateRun(TestRunner.java:774)
	at org.testng.TestRunner.run(TestRunner.java:624)
	at org.testng.SuiteRunner.runTest(SuiteRunner.java:359)
	at org.testng.SuiteRunner.runSequentially(SuiteRunner.java:354)
	at org.testng.SuiteRunner.privateRun(SuiteRunner.java:312)
	at org.testng.SuiteRunner.run(SuiteRunner.java:261)
	at org.testng.SuiteRunnerWorker.runSuite(SuiteRunnerWorker.java:52)
	at org.testng.SuiteRunnerWorker.run(SuiteRunnerWorker.java:86)
	at org.testng.TestNG.runSuitesSequentially(TestNG.java:1215)
	at org.testng.TestNG.runSuitesLocally(TestNG.java:1140)
	at org.testng.TestNG.run(TestNG.java:1048)
	at org.testng.TestNG.privateMain(TestNG.java:1355)
	at org.testng.TestNG.main(TestNG.java:1324)
]]>
            </full-stacktrace>
          </exception> <!-- java.lang.AssertionError -->
          <reporter-output>
            <line>
              <![CDATA[Save to phone is not working fine]]>
            </line>
          </reporter-output>
        </test-method> <!-- TC002_Listing_SavetoPhone -->
        <test-method status="PASS" signature="TC003_GetquoteButtonHide()[pri:3, instance:listingProfile.AA1_Mobile_VDL_Listing@4563e9ab]" name="TC003_GetquoteButtonHide" duration-ms="8773" started-at="2017-07-20T09:47:08Z" finished-at="2017-07-20T09:47:17Z">
          <reporter-output>
            <line>
              <![CDATA[Getquote LCF appeared]]>
            </line>
          </reporter-output>
        </test-method> <!-- TC003_GetquoteButtonHide -->
        <test-method status="PASS" signature="US_API_City_selection()[pri:4, instance:listingProfile.AA1_Mobile_VDL_Listing@4563e9ab]" name="US_API_City_selection" duration-ms="702" started-at="2017-07-20T09:47:17Z" finished-at="2017-07-20T09:47:18Z">
          <reporter-output>
            <line>
              <![CDATA[Country code displayed correctly]]>
            </line>
            <line>
              <![CDATA[Displayed message : US]]>
            </line>
          </reporter-output>
        </test-method> <!-- US_API_City_selection -->
        <test-method status="PASS" signature="after()[pri:0, instance:listingProfile.AA1_Mobile_VDL_Listing@4563e9ab]" name="after" is-config="true" duration-ms="1515" started-at="2017-07-20T09:47:18Z" finished-at="2017-07-20T09:47:19Z">
          <reporter-output>
          </reporter-output>
        </test-method> <!-- after -->
      </class> <!-- listingProfile.AA1_Mobile_VDL_Listing -->
    </test> <!-- Mobile_VDL_Listing -->
    <test name="Mobile_NonCore_Listing" duration-ms="141172" started-at="2017-07-20T04:17:19Z" finished-at="2017-07-20T04:19:41Z">
      <class name="listingProfile.AA2_Mobile_NonCore_Listing">
        <test-method status="PASS" signature="before()[pri:0, instance:listingProfile.AA2_Mobile_NonCore_Listing@1b0375b3]" name="before" is-config="true" duration-ms="1974" started-at="2017-07-20T09:47:19Z" finished-at="2017-07-20T09:47:21Z">
          <reporter-output>
          </reporter-output>
        </test-method> <!-- before -->
        <test-method status="PASS" signature="TC001_Filterby()[pri:1, instance:listingProfile.AA2_Mobile_NonCore_Listing@1b0375b3]" name="TC001_Filterby" duration-ms="28801" started-at="2017-07-20T09:47:21Z" finished-at="2017-07-20T09:47:50Z">
          <reporter-output>
            <line>
              <![CDATA[Business list first business before filter : ICICI Bank, Parrys]]>
            </line>
            <line>
              <![CDATA[Business list first business after filter : T. Nagar]]>
            </line>
            <line>
              <![CDATA[Filter values : T. Nagar]]>
            </line>
          </reporter-output>
        </test-method> <!-- TC001_Filterby -->
        <test-method status="SKIP" signature="TC002_Listing_SavetoPhone()[pri:2, instance:listingProfile.AA2_Mobile_NonCore_Listing@1b0375b3]" name="TC002_Listing_SavetoPhone" duration-ms="34290" started-at="2017-07-20T09:47:50Z" finished-at="2017-07-20T09:48:25Z">
          <exception class="java.lang.AssertionError">
            <message>
              <![CDATA[null]]>
            </message>
            <full-stacktrace>
              <![CDATA[java.lang.AssertionError: null
	at org.testng.Assert.fail(Assert.java:94)
	at org.testng.Assert.fail(Assert.java:101)
	at listingProfile.AA2_Mobile_NonCore_Listing.TC002_Listing_SavetoPhone(AA2_Mobile_NonCore_Listing.java:187)
	at sun.reflect.NativeMethodAccessorImpl.invoke0(Native Method)
	at sun.reflect.NativeMethodAccessorImpl.invoke(NativeMethodAccessorImpl.java:62)
	at sun.reflect.DelegatingMethodAccessorImpl.invoke(DelegatingMethodAccessorImpl.java:43)
	at java.lang.reflect.Method.invoke(Method.java:498)
	at org.testng.internal.MethodInvocationHelper.invokeMethod(MethodInvocationHelper.java:85)
	at org.testng.internal.Invoker.invokeMethod(Invoker.java:639)
	at org.testng.internal.Invoker.invokeTestMethod(Invoker.java:816)
	at org.testng.internal.Invoker.invokeTestMethods(Invoker.java:1124)
	at org.testng.internal.TestMethodWorker.invokeTestMethods(TestMethodWorker.java:125)
	at org.testng.internal.TestMethodWorker.run(TestMethodWorker.java:108)
	at org.testng.TestRunner.privateRun(TestRunner.java:774)
	at org.testng.TestRunner.run(TestRunner.java:624)
	at org.testng.SuiteRunner.runTest(SuiteRunner.java:359)
	at org.testng.SuiteRunner.runSequentially(SuiteRunner.java:354)
	at org.testng.SuiteRunner.privateRun(SuiteRunner.java:312)
	at org.testng.SuiteRunner.run(SuiteRunner.java:261)
	at org.testng.SuiteRunnerWorker.runSuite(SuiteRunnerWorker.java:52)
	at org.testng.SuiteRunnerWorker.run(SuiteRunnerWorker.java:86)
	at org.testng.TestNG.runSuitesSequentially(TestNG.java:1215)
	at org.testng.TestNG.runSuitesLocally(TestNG.java:1140)
	at org.testng.TestNG.run(TestNG.java:1048)
	at org.testng.TestNG.privateMain(TestNG.java:1355)
	at org.testng.TestNG.main(TestNG.java:1324)
]]>
            </full-stacktrace>
          </exception> <!-- java.lang.AssertionError -->
          <reporter-output>
            <line>
              <![CDATA[Save to phone is not working fine]]>
            </line>
          </reporter-output>
        </test-method> <!-- TC002_Listing_SavetoPhone -->
        <test-method status="PASS" signature="TC002_Listing_SavetoPhone()[pri:2, instance:listingProfile.AA2_Mobile_NonCore_Listing@1b0375b3]" name="TC002_Listing_SavetoPhone" duration-ms="32716" started-at="2017-07-20T09:48:25Z" finished-at="2017-07-20T09:48:57Z">
          <reporter-output>
            <line>
              <![CDATA[Save to phone working fine]]>
            </line>
          </reporter-output>
        </test-method> <!-- TC002_Listing_SavetoPhone -->
        <test-method status="PASS" signature="TC003_GetquoteButtonHide()[pri:3, instance:listingProfile.AA2_Mobile_NonCore_Listing@1b0375b3]" name="TC003_GetquoteButtonHide" duration-ms="42514" started-at="2017-07-20T09:48:57Z" finished-at="2017-07-20T09:49:40Z">
          <reporter-output>
            <line>
              <![CDATA[Get quote button is not display]]>
            </line>
          </reporter-output>
        </test-method> <!-- TC003_GetquoteButtonHide -->
        <test-method status="PASS" signature="after()[pri:0, instance:listingProfile.AA2_Mobile_NonCore_Listing@1b0375b3]" name="after" is-config="true" duration-ms="877" started-at="2017-07-20T09:49:40Z" finished-at="2017-07-20T09:49:41Z">
          <reporter-output>
          </reporter-output>
        </test-method> <!-- after -->
      </class> <!-- listingProfile.AA2_Mobile_NonCore_Listing -->
    </test> <!-- Mobile_NonCore_Listing -->
    <test name="Mobile_VDL_Profile" duration-ms="33557" started-at="2017-07-20T04:19:41Z" finished-at="2017-07-20T04:20:14Z">
      <class name="listingProfile.AA3_Mobile_VDL_Profile">
        <test-method status="PASS" signature="before()[pri:0, instance:listingProfile.AA3_Mobile_VDL_Profile@7c75222b]" name="before" is-config="true" duration-ms="1941" started-at="2017-07-20T09:49:41Z" finished-at="2017-07-20T09:49:43Z">
          <reporter-output>
          </reporter-output>
        </test-method> <!-- before -->
        <test-method status="PASS" signature="TC001_Profile_Getquote()[pri:1, instance:listingProfile.AA3_Mobile_VDL_Profile@7c75222b]" name="TC001_Profile_Getquote" duration-ms="9547" started-at="2017-07-20T09:49:43Z" finished-at="2017-07-20T09:49:52Z">
          <reporter-output>
            <line>
              <![CDATA[http://www.sulekha.com/category-king-locality9-ypcity-contact-address]]>
            </line>
            <line>
              <![CDATA[Get quote Pass]]>
            </line>
          </reporter-output>
        </test-method> <!-- TC001_Profile_Getquote -->
        <test-method status="PASS" signature="TC002_SaveToPhone()[pri:2, instance:listingProfile.AA3_Mobile_VDL_Profile@7c75222b]" name="TC002_SaveToPhone" duration-ms="21354" started-at="2017-07-20T09:49:52Z" finished-at="2017-07-20T09:50:14Z">
          <reporter-output>
            <line>
              <![CDATA[http://www.sulekha.com/category-king-locality9-ypcity-contact-address]]>
            </line>
            <line>
              <![CDATA[Save to phone pass]]>
            </line>
          </reporter-output>
        </test-method> <!-- TC002_SaveToPhone -->
        <test-method status="PASS" signature="after()[pri:0, instance:listingProfile.AA3_Mobile_VDL_Profile@7c75222b]" name="after" is-config="true" duration-ms="715" started-at="2017-07-20T09:50:14Z" finished-at="2017-07-20T09:50:14Z">
          <reporter-output>
          </reporter-output>
        </test-method> <!-- after -->
      </class> <!-- listingProfile.AA3_Mobile_VDL_Profile -->
    </test> <!-- Mobile_VDL_Profile -->
    <test name="A1_MDLD_with_Locality" duration-ms="106399" started-at="2017-07-20T04:20:14Z" finished-at="2017-07-20T04:22:01Z">
      <class name="lcfFaces.A1_MDLD_with_Locality">
        <test-method status="PASS" signature="MobileChromeBrowser()[pri:0, instance:lcfFaces.A1_MDLD_with_Locality@6e8dacdf]" name="MobileChromeBrowser" is-config="true" duration-ms="3108" started-at="2017-07-20T09:50:14Z" finished-at="2017-07-20T09:50:17Z">
          <reporter-output>
          </reporter-output>
        </test-method> <!-- MobileChromeBrowser -->
        <test-method status="PASS" signature="MDLD_with_Locality()[pri:0, instance:lcfFaces.A1_MDLD_with_Locality@6e8dacdf]" name="MDLD_with_Locality" duration-ms="102523" started-at="2017-07-20T09:50:17Z" finished-at="2017-07-20T09:52:00Z">
          <reporter-output>
            <line>
              <![CDATA[http://www.sulekha.com/drivers/velachery-chennai]]>
            </line>
            <line>
              <![CDATA[Selected Attribute : Driver services]]>
            </line>
            <line>
              <![CDATA[Check box / Radio  : radio]]>
            </line>
            <line>
              <![CDATA[Selected Attribute : Temporary driver]]>
            </line>
            <line>
              <![CDATA[Check box / Radio  : radio]]>
            </line>
            <line>
              <![CDATA[Selected Attribute : Driver for personal use]]>
            </line>
            <line>
              <![CDATA[Check box / Radio  : radio]]>
            </line>
            <line>
              <![CDATA[Selected Attribute : Hatchback]]>
            </line>
            <line>
              <![CDATA[Check box / Radio  : checkbox]]>
            </line>
            <line>
              <![CDATA[Selected Attribute : Hindi]]>
            </line>
            <line>
              <![CDATA[Check box / Radio  : checkbox]]>
            </line>
            <line>
              <![CDATA[Selected Attribute : Individuals looking for drivers]]>
            </line>
            <line>
              <![CDATA[Check box / Radio  : radio]]>
            </line>
            <line>
              <![CDATA[Note: Contact info vaules are filled]]>
            </line>
            <line>
              <![CDATA[Note: OTP vaule is filled]]>
            </line>
            <line>
              <![CDATA[Thank you message is display]]>
            </line>
            <line>
              <![CDATA[Dashboard landed succesfully]]>
            </line>
          </reporter-output>
        </test-method> <!-- MDLD_with_Locality -->
        <test-method status="PASS" signature="teardown(org.testng.ITestResult)[pri:0, instance:lcfFaces.A1_MDLD_with_Locality@6e8dacdf]" name="teardown" is-config="true" duration-ms="1" started-at="2017-07-20T09:52:00Z" finished-at="2017-07-20T09:52:00Z">
          <params>
            <param index="0">
              <value>
                <![CDATA[[TestResult name=MDLD_with_Locality status=SUCCESS method=A1_MDLD_with_Locality.MDLD_with_Locality()[pri:0, instance:lcfFaces.A1_MDLD_with_Locality@6e8dacdf] output=http://www.sulekha.com/drivers/velachery-chennai]]]>
              </value>
            </param>
          </params>
          <reporter-output>
          </reporter-output>
        </test-method> <!-- teardown -->
        <test-method status="PASS" signature="quit()[pri:0, instance:lcfFaces.A1_MDLD_with_Locality@6e8dacdf]" name="quit" is-config="true" duration-ms="767" started-at="2017-07-20T09:52:00Z" finished-at="2017-07-20T09:52:01Z">
          <reporter-output>
          </reporter-output>
        </test-method> <!-- quit -->
      </class> <!-- lcfFaces.A1_MDLD_with_Locality -->
    </test> <!-- A1_MDLD_with_Locality -->
    <test name="A2_MDLD_attribute_page" duration-ms="79367" started-at="2017-07-20T04:22:01Z" finished-at="2017-07-20T04:23:20Z">
      <class name="lcfFaces.A2_MDLD_attribute_page">
        <test-method status="PASS" signature="MobileChromeBrowser()[pri:0, instance:lcfFaces.A2_MDLD_attribute_page@36d64342]" name="MobileChromeBrowser" is-config="true" duration-ms="3030" started-at="2017-07-20T09:52:01Z" finished-at="2017-07-20T09:52:04Z">
          <reporter-output>
          </reporter-output>
        </test-method> <!-- MobileChromeBrowser -->
        <test-method status="PASS" signature="MDLD_attribute_page()[pri:0, instance:lcfFaces.A2_MDLD_attribute_page@36d64342]" name="MDLD_attribute_page" duration-ms="75621" started-at="2017-07-20T09:52:04Z" finished-at="2017-07-20T09:53:19Z">
          <reporter-output>
            <line>
              <![CDATA[http://www.sulekha.com/bike-transport-services/chennai]]>
            </line>
            <line>
              <![CDATA[Selected Attribute : Two wheeler]]>
            </line>
            <line>
              <![CDATA[Check box / Radio  : checkbox]]>
            </line>
            <line>
              <![CDATA[Selected Attribute : Mumbai]]>
            </line>
            <line>
              <![CDATA[Check box / Radio  : radio]]>
            </line>
            <line>
              <![CDATA[Selected Attribute : As soon as possible]]>
            </line>
            <line>
              <![CDATA[Check box / Radio  : radio]]>
            </line>
            <line>
              <![CDATA[Note: Contact info vaules are filled]]>
            </line>
            <line>
              <![CDATA[Note: OTP vaule is filled]]>
            </line>
            <line>
              <![CDATA[Thank you message is display]]>
            </line>
            <line>
              <![CDATA[Dashboard landed succesfully]]>
            </line>
          </reporter-output>
        </test-method> <!-- MDLD_attribute_page -->
        <test-method status="PASS" signature="teardown(org.testng.ITestResult)[pri:0, instance:lcfFaces.A2_MDLD_attribute_page@36d64342]" name="teardown" is-config="true" duration-ms="0" started-at="2017-07-20T09:53:19Z" finished-at="2017-07-20T09:53:19Z">
          <params>
            <param index="0">
              <value>
                <![CDATA[[TestResult name=MDLD_attribute_page status=SUCCESS method=A2_MDLD_attribute_page.MDLD_attribute_page()[pri:0, instance:lcfFaces.A2_MDLD_attribute_page@36d64342] output=http://www.sulekha.com/bike-transport-services/chennai]]]>
              </value>
            </param>
          </params>
          <reporter-output>
          </reporter-output>
        </test-method> <!-- teardown -->
        <test-method status="PASS" signature="quit()[pri:0, instance:lcfFaces.A2_MDLD_attribute_page@36d64342]" name="quit" is-config="true" duration-ms="716" started-at="2017-07-20T09:53:19Z" finished-at="2017-07-20T09:53:20Z">
          <reporter-output>
          </reporter-output>
        </test-method> <!-- quit -->
      </class> <!-- lcfFaces.A2_MDLD_attribute_page -->
    </test> <!-- A2_MDLD_attribute_page -->
    <test name="A3_MDLD_attribute_locality" duration-ms="63107" started-at="2017-07-20T04:23:20Z" finished-at="2017-07-20T04:24:23Z">
      <class name="lcfFaces.A3_MDLD_attribute_locality">
        <test-method status="PASS" signature="MobileChromeBrowser()[pri:0, instance:lcfFaces.A3_MDLD_attribute_locality@19dfb72a]" name="MobileChromeBrowser" is-config="true" duration-ms="3093" started-at="2017-07-20T09:53:20Z" finished-at="2017-07-20T09:53:23Z">
          <reporter-output>
          </reporter-output>
        </test-method> <!-- MobileChromeBrowser -->
        <test-method status="PASS" signature="MDLD_attribute_locality()[pri:0, instance:lcfFaces.A3_MDLD_attribute_locality@19dfb72a]" name="MDLD_attribute_locality" duration-ms="59236" started-at="2017-07-20T09:53:23Z" finished-at="2017-07-20T09:54:23Z">
          <reporter-output>
            <line>
              <![CDATA[http://www.sulekha.com/residential-cleaning-services/anna-salai-chennai]]>
            </line>
            <line>
              <![CDATA[Selected Attribute : Apartment]]>
            </line>
            <line>
              <![CDATA[Check box / Radio  : checkbox]]>
            </line>
            <line>
              <![CDATA[Selected Attribute : Basic cleaning]]>
            </line>
            <line>
              <![CDATA[Check box / Radio  : radio]]>
            </line>
            <line>
              <![CDATA[Selected Attribute : Floor]]>
            </line>
            <line>
              <![CDATA[Check box / Radio  : checkbox]]>
            </line>
            <line>
              <![CDATA[Note: Contact info vaules are filled]]>
            </line>
            <line>
              <![CDATA[Note: OTP vaule is filled]]>
            </line>
            <line>
              <![CDATA[Thank you message is display]]>
            </line>
            <line>
              <![CDATA[Dashboard landed succesfully]]>
            </line>
          </reporter-output>
        </test-method> <!-- MDLD_attribute_locality -->
        <test-method status="PASS" signature="teardown(org.testng.ITestResult)[pri:0, instance:lcfFaces.A3_MDLD_attribute_locality@19dfb72a]" name="teardown" is-config="true" duration-ms="0" started-at="2017-07-20T09:54:23Z" finished-at="2017-07-20T09:54:23Z">
          <params>
            <param index="0">
              <value>
                <![CDATA[[TestResult name=MDLD_attribute_locality status=SUCCESS method=A3_MDLD_attribute_locality.MDLD_attribute_locality()[pri:0, instance:lcfFaces.A3_MDLD_attribute_locality@19dfb72a] output=http://www.sulekha.com/residential-cleaning-services/anna-salai-chennai]]]>
              </value>
            </param>
          </params>
          <reporter-output>
          </reporter-output>
        </test-method> <!-- teardown -->
        <test-method status="PASS" signature="quit()[pri:0, instance:lcfFaces.A3_MDLD_attribute_locality@19dfb72a]" name="quit" is-config="true" duration-ms="778" started-at="2017-07-20T09:54:23Z" finished-at="2017-07-20T09:54:23Z">
          <reporter-output>
          </reporter-output>
        </test-method> <!-- quit -->
      </class> <!-- lcfFaces.A3_MDLD_attribute_locality -->
    </test> <!-- A3_MDLD_attribute_locality -->
    <test name="A4_MDLD_Brand_locality_U2B" duration-ms="97464" started-at="2017-07-20T04:24:23Z" finished-at="2017-07-20T04:26:01Z">
      <class name="lcfFaces.A4_MDLD_Brand_locality_U2B">
        <test-method status="PASS" signature="MobileChromeBrowser()[pri:0, instance:lcfFaces.A4_MDLD_Brand_locality_U2B@6fadae5d]" name="MobileChromeBrowser" is-config="true" duration-ms="3094" started-at="2017-07-20T09:54:23Z" finished-at="2017-07-20T09:54:26Z">
          <reporter-output>
          </reporter-output>
        </test-method> <!-- MobileChromeBrowser -->
        <test-method status="PASS" signature="MDLD_Brand_locality_U2B()[pri:0, instance:lcfFaces.A4_MDLD_Brand_locality_U2B@6fadae5d]" name="MDLD_Brand_locality_U2B" duration-ms="93525" started-at="2017-07-20T09:54:26Z" finished-at="2017-07-20T09:56:00Z">
          <reporter-output>
            <line>
              <![CDATA[http://www.sulekha.com/projector-repair-services/chennai]]>
            </line>
            <line>
              <![CDATA[Selected Attribute : Projector repair & services]]>
            </line>
            <line>
              <![CDATA[Check box / Radio  : radio]]>
            </line>
            <line>
              <![CDATA[Selected Attribute : LCD]]>
            </line>
            <line>
              <![CDATA[Check box / Radio  : radio]]>
            </line>
            <line>
              <![CDATA[Selected Attribute : No power]]>
            </line>
            <line>
              <![CDATA[Check box / Radio  : checkbox]]>
            </line>
            <line>
              <![CDATA[Selected Attribute : Doorstep]]>
            </line>
            <line>
              <![CDATA[Check box / Radio  : radio]]>
            </line>
            <line>
              <![CDATA[Selected Attribute : Acer]]>
            </line>
            <line>
              <![CDATA[Check box / Radio  : checkbox]]>
            </line>
            <line>
              <![CDATA[Location changed attribute : Service centre]]>
            </line>
            <line>
              <![CDATA[Selected locality : Adambakkam, Adyar]]>
            </line>
            <line>
              <![CDATA[Multi locality selected : Adambakkam
×
+1 more]]>
            </line>
            <line>
              <![CDATA[Note: Contact info vaules are filled]]>
            </line>
            <line>
              <![CDATA[Note: OTP vaule is filled]]>
            </line>
            <line>
              <![CDATA[Thank you message is display]]>
            </line>
            <line>
              <![CDATA[Dashboard landed succesfully]]>
            </line>
          </reporter-output>
        </test-method> <!-- MDLD_Brand_locality_U2B -->
        <test-method status="PASS" signature="quit()[pri:0, instance:lcfFaces.A4_MDLD_Brand_locality_U2B@6fadae5d]" name="quit" is-config="true" duration-ms="845" started-at="2017-07-20T09:56:00Z" finished-at="2017-07-20T09:56:01Z">
          <reporter-output>
          </reporter-output>
        </test-method> <!-- quit -->
        <test-method status="PASS" signature="teardown(org.testng.ITestResult)[pri:0, instance:lcfFaces.A4_MDLD_Brand_locality_U2B@6fadae5d]" name="teardown" is-config="true" duration-ms="0" started-at="2017-07-20T09:56:00Z" finished-at="2017-07-20T09:56:00Z">
          <params>
            <param index="0">
              <value>
                <![CDATA[[TestResult name=MDLD_Brand_locality_U2B status=SUCCESS method=A4_MDLD_Brand_locality_U2B.MDLD_Brand_locality_U2B()[pri:0, instance:lcfFaces.A4_MDLD_Brand_locality_U2B@6fadae5d] output=http://www.sulekha.com/projector-repair-services/chennai]]]>
              </value>
            </param>
          </params>
          <reporter-output>
          </reporter-output>
        </test-method> <!-- teardown -->
      </class> <!-- lcfFaces.A4_MDLD_Brand_locality_U2B -->
    </test> <!-- A4_MDLD_Brand_locality_U2B -->
    <test name="A5_MDLD_Brand_locality_B2U" duration-ms="85617" started-at="2017-07-20T04:26:01Z" finished-at="2017-07-20T04:27:26Z">
      <class name="lcfFaces.A5_MDLD_Brand_locality_B2U">
        <test-method status="PASS" signature="MobileChromeBrowser()[pri:0, instance:lcfFaces.A5_MDLD_Brand_locality_B2U@3796751b]" name="MobileChromeBrowser" is-config="true" duration-ms="3074" started-at="2017-07-20T09:56:01Z" finished-at="2017-07-20T09:56:04Z">
          <reporter-output>
          </reporter-output>
        </test-method> <!-- MobileChromeBrowser -->
        <test-method status="PASS" signature="MDLD_Brand_locality_B2U()[pri:0, instance:lcfFaces.A5_MDLD_Brand_locality_B2U@3796751b]" name="MDLD_Brand_locality_B2U" duration-ms="81755" started-at="2017-07-20T09:56:04Z" finished-at="2017-07-20T09:57:26Z">
          <reporter-output>
            <line>
              <![CDATA[http://www.sulekha.com/projector-repair-services/chennai]]>
            </line>
            <line>
              <![CDATA[Selected Attribute : Projector repair & services]]>
            </line>
            <line>
              <![CDATA[Check box / Radio  : radio]]>
            </line>
            <line>
              <![CDATA[Selected Attribute : LCD]]>
            </line>
            <line>
              <![CDATA[Check box / Radio  : radio]]>
            </line>
            <line>
              <![CDATA[Selected Attribute : No power]]>
            </line>
            <line>
              <![CDATA[Check box / Radio  : checkbox]]>
            </line>
            <line>
              <![CDATA[Selected Attribute : Doorstep]]>
            </line>
            <line>
              <![CDATA[Check box / Radio  : radio]]>
            </line>
            <line>
              <![CDATA[Selected Attribute : Acer]]>
            </line>
            <line>
              <![CDATA[Check box / Radio  : checkbox]]>
            </line>
            <line>
              <![CDATA[Selected locality : Agaram]]>
            </line>
            <line>
              <![CDATA[Note: Contact info vaules are filled]]>
            </line>
            <line>
              <![CDATA[Note: OTP vaule is filled]]>
            </line>
            <line>
              <![CDATA[Thank you message is display]]>
            </line>
            <line>
              <![CDATA[Dashboard landed succesfully]]>
            </line>
          </reporter-output>
        </test-method> <!-- MDLD_Brand_locality_B2U -->
        <test-method status="PASS" signature="teardown(org.testng.ITestResult)[pri:0, instance:lcfFaces.A5_MDLD_Brand_locality_B2U@3796751b]" name="teardown" is-config="true" duration-ms="0" started-at="2017-07-20T09:57:26Z" finished-at="2017-07-20T09:57:26Z">
          <params>
            <param index="0">
              <value>
                <![CDATA[[TestResult name=MDLD_Brand_locality_B2U status=SUCCESS method=A5_MDLD_Brand_locality_B2U.MDLD_Brand_locality_B2U()[pri:0, instance:lcfFaces.A5_MDLD_Brand_locality_B2U@3796751b] output=http://www.sulekha.com/projector-repair-services/chennai]]]>
              </value>
            </param>
          </params>
          <reporter-output>
          </reporter-output>
        </test-method> <!-- teardown -->
        <test-method status="PASS" signature="quit()[pri:0, instance:lcfFaces.A5_MDLD_Brand_locality_B2U@3796751b]" name="quit" is-config="true" duration-ms="787" started-at="2017-07-20T09:57:26Z" finished-at="2017-07-20T09:57:26Z">
          <reporter-output>
          </reporter-output>
        </test-method> <!-- quit -->
      </class> <!-- lcfFaces.A5_MDLD_Brand_locality_B2U -->
    </test> <!-- A5_MDLD_Brand_locality_B2U -->
    <test name="A6_MDLD_Listing_GetQuote" duration-ms="78313" started-at="2017-07-20T04:27:26Z" finished-at="2017-07-20T04:28:45Z">
      <class name="lcfFaces.A6_MDLD_Listing_GetQuote">
        <test-method status="PASS" signature="MobileChromeBrowser()[pri:0, instance:lcfFaces.A6_MDLD_Listing_GetQuote@edf4efb]" name="MobileChromeBrowser" is-config="true" duration-ms="3100" started-at="2017-07-20T09:57:26Z" finished-at="2017-07-20T09:57:30Z">
          <reporter-output>
          </reporter-output>
        </test-method> <!-- MobileChromeBrowser -->
        <test-method status="PASS" signature="MDLD_Listing_GetQuote()[pri:0, instance:lcfFaces.A6_MDLD_Listing_GetQuote@edf4efb]" name="MDLD_Listing_GetQuote" duration-ms="74362" started-at="2017-07-20T09:57:30Z" finished-at="2017-07-20T09:58:44Z">
          <reporter-output>
            <line>
              <![CDATA[http://www.sulekha.com/transporters/chennai?q=Transporter#popup]]>
            </line>
            <line>
              <![CDATA[Selected Attribute : Warehouse services]]>
            </line>
            <line>
              <![CDATA[Check box / Radio  : radio]]>
            </line>
            <line>
              <![CDATA[Selected Attribute : Bonded]]>
            </line>
            <line>
              <![CDATA[Check box / Radio  : radio]]>
            </line>
            <line>
              <![CDATA[Selected Attribute : Perishable goods]]>
            </line>
            <line>
              <![CDATA[Check box / Radio  : radio]]>
            </line>
            <line>
              <![CDATA[Selected Attribute : Less than 10 days]]>
            </line>
            <line>
              <![CDATA[Check box / Radio  : radio]]>
            </line>
            <line>
              <![CDATA[Selected locality : Agaram]]>
            </line>
            <line>
              <![CDATA[Note: Contact info vaules are filled]]>
            </line>
            <line>
              <![CDATA[Note: OTP vaule is filled]]>
            </line>
            <line>
              <![CDATA[Thank you message is display]]>
            </line>
            <line>
              <![CDATA[Dashboard landed succesfully]]>
            </line>
          </reporter-output>
        </test-method> <!-- MDLD_Listing_GetQuote -->
        <test-method status="PASS" signature="teardown(org.testng.ITestResult)[pri:0, instance:lcfFaces.A6_MDLD_Listing_GetQuote@edf4efb]" name="teardown" is-config="true" duration-ms="0" started-at="2017-07-20T09:58:44Z" finished-at="2017-07-20T09:58:44Z">
          <params>
            <param index="0">
              <value>
                <![CDATA[[TestResult name=MDLD_Listing_GetQuote status=SUCCESS method=A6_MDLD_Listing_GetQuote.MDLD_Listing_GetQuote()[pri:0, instance:lcfFaces.A6_MDLD_Listing_GetQuote@edf4efb] output=http://www.sulekha.com/transporters/chennai?q=Transporter#popup]]]>
              </value>
            </param>
          </params>
          <reporter-output>
          </reporter-output>
        </test-method> <!-- teardown -->
        <test-method status="PASS" signature="quit()[pri:0, instance:lcfFaces.A6_MDLD_Listing_GetQuote@edf4efb]" name="quit" is-config="true" duration-ms="851" started-at="2017-07-20T09:58:44Z" finished-at="2017-07-20T09:58:45Z">
          <reporter-output>
          </reporter-output>
        </test-method> <!-- quit -->
      </class> <!-- lcfFaces.A6_MDLD_Listing_GetQuote -->
    </test> <!-- A6_MDLD_Listing_GetQuote -->
    <test name="A7_MDLD_B2U_Locality_LCF" duration-ms="79045" started-at="2017-07-20T04:28:45Z" finished-at="2017-07-20T04:30:04Z">
      <class name="lcfFaces.A7_MDLD_B2U_Locality_LCF">
        <test-method status="PASS" signature="MobileChromeBrowser()[pri:0, instance:lcfFaces.A7_MDLD_B2U_Locality_LCF@13969fbe]" name="MobileChromeBrowser" is-config="true" duration-ms="3072" started-at="2017-07-20T09:58:45Z" finished-at="2017-07-20T09:58:48Z">
          <reporter-output>
          </reporter-output>
        </test-method> <!-- MobileChromeBrowser -->
        <test-method status="PASS" signature="MDLD_B2U_Locality_LCF()[pri:0, instance:lcfFaces.A7_MDLD_B2U_Locality_LCF@13969fbe]" name="MDLD_B2U_Locality_LCF" duration-ms="75181" started-at="2017-07-20T09:58:48Z" finished-at="2017-07-20T10:00:03Z">
          <reporter-output>
            <line>
              <![CDATA[http://www.sulekha.com/valet-parking-drivers/chennai]]>
            </line>
            <line>
              <![CDATA[Selected Attribute : Temporary driver]]>
            </line>
            <line>
              <![CDATA[Check box / Radio  : radio]]>
            </line>
            <line>
              <![CDATA[Selected Attribute : Valet parking]]>
            </line>
            <line>
              <![CDATA[Check box / Radio  : radio]]>
            </line>
            <line>
              <![CDATA[Selected Attribute : Hatchback]]>
            </line>
            <line>
              <![CDATA[Check box / Radio  : checkbox]]>
            </line>
            <line>
              <![CDATA[Selected Attribute : Hindi]]>
            </line>
            <line>
              <![CDATA[Check box / Radio  : checkbox]]>
            </line>
            <line>
              <![CDATA[Selected Attribute : Individuals looking for drivers]]>
            </line>
            <line>
              <![CDATA[Check box / Radio  : radio]]>
            </line>
            <line>
              <![CDATA[Selected locality : Agaram]]>
            </line>
            <line>
              <![CDATA[Note: Contact info vaules are filled]]>
            </line>
            <line>
              <![CDATA[Note: OTP vaule is filled]]>
            </line>
            <line>
              <![CDATA[Thank you message is display]]>
            </line>
            <line>
              <![CDATA[Dashboard landed succesfully]]>
            </line>
          </reporter-output>
        </test-method> <!-- MDLD_B2U_Locality_LCF -->
        <test-method status="PASS" signature="quit()[pri:0, instance:lcfFaces.A7_MDLD_B2U_Locality_LCF@13969fbe]" name="quit" is-config="true" duration-ms="791" started-at="2017-07-20T10:00:03Z" finished-at="2017-07-20T10:00:04Z">
          <reporter-output>
          </reporter-output>
        </test-method> <!-- quit -->
        <test-method status="PASS" signature="teardown(org.testng.ITestResult)[pri:0, instance:lcfFaces.A7_MDLD_B2U_Locality_LCF@13969fbe]" name="teardown" is-config="true" duration-ms="0" started-at="2017-07-20T10:00:03Z" finished-at="2017-07-20T10:00:03Z">
          <params>
            <param index="0">
              <value>
                <![CDATA[[TestResult name=MDLD_B2U_Locality_LCF status=SUCCESS method=A7_MDLD_B2U_Locality_LCF.MDLD_B2U_Locality_LCF()[pri:0, instance:lcfFaces.A7_MDLD_B2U_Locality_LCF@13969fbe] output=http://www.sulekha.com/valet-parking-drivers/chennai]]]>
              </value>
            </param>
          </params>
          <reporter-output>
          </reporter-output>
        </test-method> <!-- teardown -->
      </class> <!-- lcfFaces.A7_MDLD_B2U_Locality_LCF -->
    </test> <!-- A7_MDLD_B2U_Locality_LCF -->
    <test name="A8_MDLD_U2B_Locality_LCF" duration-ms="90655" started-at="2017-07-20T04:30:04Z" finished-at="2017-07-20T04:31:35Z">
      <class name="lcfFaces.A8_MDLD_U2B_Locality_LCF">
        <test-method status="PASS" signature="MobileChromeBrowser()[pri:0, instance:lcfFaces.A8_MDLD_U2B_Locality_LCF@380fb434]" name="MobileChromeBrowser" is-config="true" duration-ms="3092" started-at="2017-07-20T10:00:04Z" finished-at="2017-07-20T10:00:07Z">
          <reporter-output>
          </reporter-output>
        </test-method> <!-- MobileChromeBrowser -->
        <test-method status="PASS" signature="MDLD_U2B_Locality_LCF()[pri:0, instance:lcfFaces.A8_MDLD_U2B_Locality_LCF@380fb434]" name="MDLD_U2B_Locality_LCF" duration-ms="86768" started-at="2017-07-20T10:00:07Z" finished-at="2017-07-20T10:01:34Z">
          <reporter-output>
            <line>
              <![CDATA[http://www.sulekha.com/womens-hostel/chennai]]>
            </line>
            <line>
              <![CDATA[Selected Attribute : Student]]>
            </line>
            <line>
              <![CDATA[Check box / Radio  : radio]]>
            </line>
            <line>
              <![CDATA[Selected Attribute : AC]]>
            </line>
            <line>
              <![CDATA[Check box / Radio  : checkbox]]>
            </line>
            <line>
              <![CDATA[Selected Attribute : Single]]>
            </line>
            <line>
              <![CDATA[Check box / Radio  : checkbox]]>
            </line>
            <line>
              <![CDATA[Selected Attribute : Less than 1 month]]>
            </line>
            <line>
              <![CDATA[Check box / Radio  : radio]]>
            </line>
            <line>
              <![CDATA[Selected Attribute : I'm Flexible]]>
            </line>
            <line>
              <![CDATA[Check box / Radio  : radio]]>
            </line>
            <line>
              <![CDATA[Selected Attribute : As soon as possible]]>
            </line>
            <line>
              <![CDATA[Check box / Radio  : radio]]>
            </line>
            <line>
              <![CDATA[Selected locality : Adambakkam, Adyar]]>
            </line>
            <line>
              <![CDATA[Multi locality selected : Adambakkam
×
+1 more]]>
            </line>
            <line>
              <![CDATA[Note: Contact info vaules are filled]]>
            </line>
            <line>
              <![CDATA[Note: OTP vaule is filled]]>
            </line>
            <line>
              <![CDATA[Thank you message is display]]>
            </line>
            <line>
              <![CDATA[Dashboard landed succesfully]]>
            </line>
          </reporter-output>
        </test-method> <!-- MDLD_U2B_Locality_LCF -->
        <test-method status="PASS" signature="quit()[pri:0, instance:lcfFaces.A8_MDLD_U2B_Locality_LCF@380fb434]" name="quit" is-config="true" duration-ms="795" started-at="2017-07-20T10:01:34Z" finished-at="2017-07-20T10:01:35Z">
          <reporter-output>
          </reporter-output>
        </test-method> <!-- quit -->
        <test-method status="PASS" signature="teardown(org.testng.ITestResult)[pri:0, instance:lcfFaces.A8_MDLD_U2B_Locality_LCF@380fb434]" name="teardown" is-config="true" duration-ms="0" started-at="2017-07-20T10:01:34Z" finished-at="2017-07-20T10:01:34Z">
          <params>
            <param index="0">
              <value>
                <![CDATA[[TestResult name=MDLD_U2B_Locality_LCF status=SUCCESS method=A8_MDLD_U2B_Locality_LCF.MDLD_U2B_Locality_LCF()[pri:0, instance:lcfFaces.A8_MDLD_U2B_Locality_LCF@380fb434] output=http://www.sulekha.com/womens-hostel/chennai]]]>
              </value>
            </param>
          </params>
          <reporter-output>
          </reporter-output>
        </test-method> <!-- teardown -->
      </class> <!-- lcfFaces.A8_MDLD_U2B_Locality_LCF -->
    </test> <!-- A8_MDLD_U2B_Locality_LCF -->
    <test name="A9_MDLD_Need_page" duration-ms="73808" started-at="2017-07-20T04:31:35Z" finished-at="2017-07-20T04:32:49Z">
      <class name="lcfFaces.A9_MDLD_Need_page">
        <test-method status="PASS" signature="MobileChromeBrowser()[pri:0, instance:lcfFaces.A9_MDLD_Need_page@79698539]" name="MobileChromeBrowser" is-config="true" duration-ms="3061" started-at="2017-07-20T10:01:35Z" finished-at="2017-07-20T10:01:38Z">
          <reporter-output>
          </reporter-output>
        </test-method> <!-- MobileChromeBrowser -->
        <test-method status="PASS" signature="MDLD_MDLD_Need_page()[pri:0, instance:lcfFaces.A9_MDLD_Need_page@79698539]" name="MDLD_MDLD_Need_page" duration-ms="69946" started-at="2017-07-20T10:01:38Z" finished-at="2017-07-20T10:02:48Z">
          <reporter-output>
            <line>
              <![CDATA[http://www.sulekha.com/commercial-vehicle-driver-services-n/chennai]]>
            </line>
            <line>
              <![CDATA[LCF land on Need question]]>
            </line>
            <line>
              <![CDATA[Selected Attribute : Yellow board car / cab]]>
            </line>
            <line>
              <![CDATA[Check box / Radio  : checkbox]]>
            </line>
            <line>
              <![CDATA[Selected Attribute : Once]]>
            </line>
            <line>
              <![CDATA[Check box / Radio  : radio]]>
            </line>
            <line>
              <![CDATA[Selected Attribute : Individuals looking for drivers]]>
            </line>
            <line>
              <![CDATA[Check box / Radio  : radio]]>
            </line>
            <line>
              <![CDATA[Selected locality : Agaram]]>
            </line>
            <line>
              <![CDATA[Additional info text entered ]]>
            </line>
            <line>
              <![CDATA[Note: Contact info vaules are filled]]>
            </line>
            <line>
              <![CDATA[Note: OTP vaule is filled]]>
            </line>
            <line>
              <![CDATA[Thank you message is display]]>
            </line>
            <line>
              <![CDATA[Dashboard landed succesfully]]>
            </line>
          </reporter-output>
        </test-method> <!-- MDLD_MDLD_Need_page -->
        <test-method status="PASS" signature="teardown(org.testng.ITestResult)[pri:0, instance:lcfFaces.A9_MDLD_Need_page@79698539]" name="teardown" is-config="true" duration-ms="0" started-at="2017-07-20T10:02:48Z" finished-at="2017-07-20T10:02:48Z">
          <params>
            <param index="0">
              <value>
                <![CDATA[[TestResult name=MDLD_MDLD_Need_page status=SUCCESS method=A9_MDLD_Need_page.MDLD_MDLD_Need_page()[pri:0, instance:lcfFaces.A9_MDLD_Need_page@79698539] output=http://www.sulekha.com/commercial-vehicle-driver-services-n/chennai]]]>
              </value>
            </param>
          </params>
          <reporter-output>
          </reporter-output>
        </test-method> <!-- teardown -->
        <test-method status="PASS" signature="quit()[pri:0, instance:lcfFaces.A9_MDLD_Need_page@79698539]" name="quit" is-config="true" duration-ms="800" started-at="2017-07-20T10:02:48Z" finished-at="2017-07-20T10:02:49Z">
          <reporter-output>
          </reporter-output>
        </test-method> <!-- quit -->
      </class> <!-- lcfFaces.A9_MDLD_Need_page -->
    </test> <!-- A9_MDLD_Need_page -->
    <test name="B1_MDLD_FreeProfile_GetQuote" duration-ms="89038" started-at="2017-07-20T04:32:49Z" finished-at="2017-07-20T04:34:18Z">
      <class name="lcfFaces.B1_MDLD_FreeProfile_GetQuote">
        <test-method status="PASS" signature="MobileChromeBrowser()[pri:0, instance:lcfFaces.B1_MDLD_FreeProfile_GetQuote@5f2050f6]" name="MobileChromeBrowser" is-config="true" duration-ms="3106" started-at="2017-07-20T10:02:49Z" finished-at="2017-07-20T10:02:52Z">
          <reporter-output>
          </reporter-output>
        </test-method> <!-- MobileChromeBrowser -->
        <test-method status="PASS" signature="MDLD_FreeProfile_GetQuote()[pri:0, instance:lcfFaces.B1_MDLD_FreeProfile_GetQuote@5f2050f6]" name="MDLD_FreeProfile_GetQuote" duration-ms="85159" started-at="2017-07-20T10:02:52Z" finished-at="2017-07-20T10:04:17Z">
          <reporter-output>
            <line>
              <![CDATA[http://www.sulekha.com/gopalakrishna-driving-school-kelambakkam-chennai-contact-address]]>
            </line>
            <line>
              <![CDATA[Selected Attribute : Two wheeler driving class]]>
            </line>
            <line>
              <![CDATA[Check box / Radio  : radio]]>
            </line>
            <line>
              <![CDATA[Selected Attribute : Geared]]>
            </line>
            <line>
              <![CDATA[Check box / Radio  : radio]]>
            </line>
            <line>
              <![CDATA[Selected Attribute : Doorstep]]>
            </line>
            <line>
              <![CDATA[Check box / Radio  : radio]]>
            </line>
            <line>
              <![CDATA[Selected Attribute : Own]]>
            </line>
            <line>
              <![CDATA[Check box / Radio  : radio]]>
            </line>
            <line>
              <![CDATA[Selected locality : Agaram]]>
            </line>
            <line>
              <![CDATA[Note: Contact info vaules are filled]]>
            </line>
            <line>
              <![CDATA[Note: OTP vaule is filled]]>
            </line>
            <line>
              <![CDATA[Thank you message is display]]>
            </line>
            <line>
              <![CDATA[Dashboard landed succesfully]]>
            </line>
          </reporter-output>
        </test-method> <!-- MDLD_FreeProfile_GetQuote -->
        <test-method status="PASS" signature="teardown(org.testng.ITestResult)[pri:0, instance:lcfFaces.B1_MDLD_FreeProfile_GetQuote@5f2050f6]" name="teardown" is-config="true" duration-ms="0" started-at="2017-07-20T10:04:17Z" finished-at="2017-07-20T10:04:17Z">
          <params>
            <param index="0">
              <value>
                <![CDATA[[TestResult name=MDLD_FreeProfile_GetQuote status=SUCCESS method=B1_MDLD_FreeProfile_GetQuote.MDLD_FreeProfile_GetQuote()[pri:0, instance:lcfFaces.B1_MDLD_FreeProfile_GetQuote@5f2050f6] output=http://www.sulekha.com/gopalakrishna-driving-school-kelambakkam-chennai-contact-address]]]>
              </value>
            </param>
          </params>
          <reporter-output>
          </reporter-output>
        </test-method> <!-- teardown -->
        <test-method status="PASS" signature="quit()[pri:0, instance:lcfFaces.B1_MDLD_FreeProfile_GetQuote@5f2050f6]" name="quit" is-config="true" duration-ms="773" started-at="2017-07-20T10:04:17Z" finished-at="2017-07-20T10:04:18Z">
          <reporter-output>
          </reporter-output>
        </test-method> <!-- quit -->
      </class> <!-- lcfFaces.B1_MDLD_FreeProfile_GetQuote -->
    </test> <!-- B1_MDLD_FreeProfile_GetQuote -->
    <test name="B2_MDLD_PaidProfile_GetQuote" duration-ms="76701" started-at="2017-07-20T04:34:18Z" finished-at="2017-07-20T04:35:34Z">
      <class name="lcfFaces.B2_MDLD_PaidProfile_GetQuote">
        <test-method status="PASS" signature="MobileChromeBrowser()[pri:0, instance:lcfFaces.B2_MDLD_PaidProfile_GetQuote@735f7ae5]" name="MobileChromeBrowser" is-config="true" duration-ms="3105" started-at="2017-07-20T10:04:18Z" finished-at="2017-07-20T10:04:21Z">
          <reporter-output>
          </reporter-output>
        </test-method> <!-- MobileChromeBrowser -->
        <test-method status="PASS" signature="MDLD_PaidProfile_GetQuote()[pri:0, instance:lcfFaces.B2_MDLD_PaidProfile_GetQuote@735f7ae5]" name="MDLD_PaidProfile_GetQuote" duration-ms="72855" started-at="2017-07-20T10:04:21Z" finished-at="2017-07-20T10:05:34Z">
[...]
          <params>
            <param index="0">
              <value>
                <![CDATA[[TestResult name=MDLD_DateSelectionLCF status=SUCCESS method=B7_MDLD_DateSelectionLCF.MDLD_DateSelectionLCF()[pri:0, instance:lcfFaces.B7_MDLD_DateSelectionLCF@366e2eef] output=https://www.sulekha.com/playschools/chennai]]]>
              </value>
            </param>
          </params>
          <reporter-output>
          </reporter-output>
        </test-method> <!-- teardown -->
      </class> <!-- lcfFaces.B7_MDLD_DateSelectionLCF -->
    </test> <!-- B7_MDLD_DateSelectionLCF -->
    <test name="B8_Cakeshops_LCF" duration-ms="34378" started-at="2017-07-20T04:42:03Z" finished-at="2017-07-20T04:42:37Z">
      <class name="lcfFaces.B8_Cakeshops_LCF">
        <test-method status="PASS" signature="MobileChromeBrowser()[pri:0, instance:lcfFaces.B8_Cakeshops_LCF@5a61f5df]" name="MobileChromeBrowser" is-config="true" duration-ms="3075" started-at="2017-07-20T10:12:03Z" finished-at="2017-07-20T10:12:06Z">
          <reporter-output>
          </reporter-output>
        </test-method> <!-- MobileChromeBrowser -->
        <test-method status="PASS" signature="Cakeshops_LCF()[pri:0, instance:lcfFaces.B8_Cakeshops_LCF@5a61f5df]" name="Cakeshops_LCF" duration-ms="30574" started-at="2017-07-20T10:12:06Z" finished-at="2017-07-20T10:12:36Z">
          <reporter-output>
            <line>
              <![CDATA[https://www.sulekha.com/cake-shops/chennai]]>
            </line>
            <line>
              <![CDATA[Note: Contact info vaules are filled]]>
            </line>
            <line>
              <![CDATA[Note: OTP vaule is filled]]>
            </line>
            <line>
              <![CDATA[Thank you message is display]]>
            </line>
            <line>
              <![CDATA[Dashboard landed succesfully]]>
            </line>
          </reporter-output>
        </test-method> <!-- Cakeshops_LCF -->
        <test-method status="PASS" signature="quit()[pri:0, instance:lcfFaces.B8_Cakeshops_LCF@5a61f5df]" name="quit" is-config="true" duration-ms="727" started-at="2017-07-20T10:12:36Z" finished-at="2017-07-20T10:12:37Z">
          <reporter-output>
          </reporter-output>
        </test-method> <!-- quit -->
        <test-method status="PASS" signature="teardown(org.testng.ITestResult)[pri:0, instance:lcfFaces.B8_Cakeshops_LCF@5a61f5df]" name="teardown" is-config="true" duration-ms="0" started-at="2017-07-20T10:12:36Z" finished-at="2017-07-20T10:12:36Z">
          <params>
            <param index="0">
              <value>
                <![CDATA[[TestResult name=Cakeshops_LCF status=SUCCESS method=B8_Cakeshops_LCF.Cakeshops_LCF()[pri:0, instance:lcfFaces.B8_Cakeshops_LCF@5a61f5df] output=https://www.sulekha.com/cake-shops/chennai]]]>
              </value>
            </param>
          </params>
          <reporter-output>
          </reporter-output>
        </test-method> <!-- teardown -->
      </class> <!-- lcfFaces.B8_Cakeshops_LCF -->
    </test> <!-- B8_Cakeshops_LCF -->
    <test name="B9_Internet_Providers_LCF" duration-ms="70920" started-at="2017-07-20T04:42:37Z" finished-at="2017-07-20T04:43:48Z">
      <class name="lcfFaces.B9_Internet_Providers_LCF">
        <test-method status="PASS" signature="MobileChromeBrowser()[pri:0, instance:lcfFaces.B9_Internet_Providers_LCF@9f70c54]" name="MobileChromeBrowser" is-config="true" duration-ms="3055" started-at="2017-07-20T10:12:37Z" finished-at="2017-07-20T10:12:40Z">
          <reporter-output>
          </reporter-output>
        </test-method> <!-- MobileChromeBrowser -->
        <test-method status="PASS" signature="Internet_Providers_LCF()[pri:0, instance:lcfFaces.B9_Internet_Providers_LCF@9f70c54]" name="Internet_Providers_LCF" duration-ms="67018" started-at="2017-07-20T10:12:40Z" finished-at="2017-07-20T10:13:47Z">
          <reporter-output>
            <line>
              <![CDATA[https://www.sulekha.com/internet-service-providers/chennai]]>
            </line>
            <line>
              <![CDATA[Selected Attribute : Home internet service providers]]>
            </line>
            <line>
              <![CDATA[Check box / Radio  : radio]]>
            </line>
            <line>
              <![CDATA[Selected Attribute : Broadband / Wired]]>
            </line>
            <line>
              <![CDATA[Check box / Radio  : radio]]>
            </line>
            <line>
              <![CDATA[Selected Attribute : Airtel]]>
            </line>
            <line>
              <![CDATA[Check box / Radio  : checkbox]]>
            </line>
            <line>
              <![CDATA[Selected locality : Agaram]]>
            </line>
            <line>
              <![CDATA[Note: Contact info vaules are filled]]>
            </line>
            <line>
              <![CDATA[Note: OTP vaule is filled]]>
            </line>
            <line>
              <![CDATA[Thank you message is display]]>
            </line>
            <line>
              <![CDATA[Dashboard landed succesfully]]>
            </line>
          </reporter-output>
        </test-method> <!-- Internet_Providers_LCF -->
        <test-method status="PASS" signature="teardown(org.testng.ITestResult)[pri:0, instance:lcfFaces.B9_Internet_Providers_LCF@9f70c54]" name="teardown" is-config="true" duration-ms="1" started-at="2017-07-20T10:13:47Z" finished-at="2017-07-20T10:13:47Z">
          <params>
            <param index="0">
              <value>
                <![CDATA[[TestResult name=Internet_Providers_LCF status=SUCCESS method=B9_Internet_Providers_LCF.Internet_Providers_LCF()[pri:0, instance:lcfFaces.B9_Internet_Providers_LCF@9f70c54] output=https://www.sulekha.com/internet-service-providers/chennai]]]>
              </value>
            </param>
          </params>
          <reporter-output>
          </reporter-output>
        </test-method> <!-- teardown -->
        <test-method status="PASS" signature="quit()[pri:0, instance:lcfFaces.B9_Internet_Providers_LCF@9f70c54]" name="quit" is-config="true" duration-ms="846" started-at="2017-07-20T10:13:47Z" finished-at="2017-07-20T10:13:48Z">
          <reporter-output>
          </reporter-output>
        </test-method> <!-- quit -->
      </class> <!-- lcfFaces.B9_Internet_Providers_LCF -->
    </test> <!-- B9_Internet_Providers_LCF -->
    <test name="C1_SearchEnterbutton" duration-ms="101366" started-at="2017-07-20T04:43:48Z" finished-at="2017-07-20T04:45:29Z">
      <class name="lcfFaces.C1_SearchEnterbutton">
        <test-method status="PASS" signature="MobileChromeBrowser()[pri:0, instance:lcfFaces.C1_SearchEnterbutton@12843fce]" name="MobileChromeBrowser" is-config="true" duration-ms="3107" started-at="2017-07-20T10:13:48Z" finished-at="2017-07-20T10:13:51Z">
          <reporter-output>
          </reporter-output>
        </test-method> <!-- MobileChromeBrowser -->
        <test-method status="PASS" signature="SearchLCF()[pri:0, instance:lcfFaces.C1_SearchEnterbutton@12843fce]" name="SearchLCF" duration-ms="97322" started-at="2017-07-20T10:13:51Z" finished-at="2017-07-20T10:15:28Z">
          <reporter-output>
            <line>
              <![CDATA[https://www.sulekha.com/ac-services/chennai]]>
            </line>
            <line>
              <![CDATA[Selected Attribute : AC repair & services]]>
            </line>
            <line>
              <![CDATA[Check box / Radio  : radio]]>
            </line>
            <line>
              <![CDATA[Selected Attribute : Window]]>
            </line>
            <line>
              <![CDATA[Check box / Radio  : radio]]>
            </line>
            <line>
              <![CDATA[Selected Attribute : Not working]]>
            </line>
            <line>
              <![CDATA[Check box / Radio  : checkbox]]>
            </line>
            <line>
              <![CDATA[Selected Attribute : Less than 2]]>
            </line>
            <line>
              <![CDATA[Check box / Radio  : radio]]>
            </line>
            <line>
              <![CDATA[Selected Attribute : Blue Star]]>
            </line>
            <line>
              <![CDATA[Check box / Radio  : checkbox]]>
            </line>
            <line>
              <![CDATA[Selected Attribute : Individual looking for services]]>
            </line>
            <line>
              <![CDATA[Check box / Radio  : radio]]>
            </line>
            <line>
              <![CDATA[Selected Attribute : As soon as possible]]>
            </line>
            <line>
              <![CDATA[Check box / Radio  : radio]]>
            </line>
            <line>
              <![CDATA[Selected locality : Agaram]]>
            </line>
            <line>
              <![CDATA[Note: Contact info vaules are filled]]>
            </line>
            <line>
              <![CDATA[Note: OTP vaule is filled]]>
            </line>
            <line>
              <![CDATA[Thank you message is display]]>
            </line>
            <line>
              <![CDATA[Dashboard landed succesfully]]>
            </line>
          </reporter-output>
        </test-method> <!-- SearchLCF -->
        <test-method status="PASS" signature="quit()[pri:0, instance:lcfFaces.C1_SearchEnterbutton@12843fce]" name="quit" is-config="true" duration-ms="935" started-at="2017-07-20T10:15:28Z" finished-at="2017-07-20T10:15:29Z">
          <reporter-output>
          </reporter-output>
        </test-method> <!-- quit -->
        <test-method status="PASS" signature="teardown(org.testng.ITestResult)[pri:0, instance:lcfFaces.C1_SearchEnterbutton@12843fce]" name="teardown" is-config="true" duration-ms="0" started-at="2017-07-20T10:15:28Z" finished-at="2017-07-20T10:15:28Z">
          <params>
            <param index="0">
              <value>
                <![CDATA[[TestResult name=SearchLCF status=SUCCESS method=C1_SearchEnterbutton.SearchLCF()[pri:0, instance:lcfFaces.C1_SearchEnterbutton@12843fce] output=https://www.sulekha.com/ac-services/chennai]]]>
              </value>
            </param>
          </params>
          <reporter-output>
          </reporter-output>
        </test-method> <!-- teardown -->
      </class> <!-- lcfFaces.C1_SearchEnterbutton -->
    </test> <!-- C1_SearchEnterbutton -->
    <test name="C2_SearchAjexSelect" duration-ms="95776" started-at="2017-07-20T04:45:29Z" finished-at="2017-07-20T04:47:05Z">
      <class name="lcfFaces.C2_SearchAjexSelect">
        <test-method status="PASS" signature="MobileChromeBrowser()[pri:0, instance:lcfFaces.C2_SearchAjexSelect@13a57a3b]" name="MobileChromeBrowser" is-config="true" duration-ms="3110" started-at="2017-07-20T10:15:29Z" finished-at="2017-07-20T10:15:32Z">
          <reporter-output>
          </reporter-output>
        </test-method> <!-- MobileChromeBrowser -->
        <test-method status="PASS" signature="SearchLCF()[pri:0, instance:lcfFaces.C2_SearchAjexSelect@13a57a3b]" name="SearchLCF" duration-ms="91741" started-at="2017-07-20T10:15:32Z" finished-at="2017-07-20T10:17:04Z">
          <reporter-output>
            <line>
              <![CDATA[https://www.sulekha.com/ac-services/chennai]]>
            </line>
            <line>
              <![CDATA[Selected Attribute : Event catering services]]>
            </line>
            <line>
              <![CDATA[Check box / Radio  : radio]]>
            </line>
            <line>
              <![CDATA[Selected Attribute : Festive occasion]]>
            </line>
            <line>
              <![CDATA[Check box / Radio  : radio]]>
            </line>
            <line>
              <![CDATA[Selected Attribute : Vegetarian]]>
            </line>
            <line>
              <![CDATA[Check box / Radio  : checkbox]]>
            </line>
            <line>
              <![CDATA[Selected Attribute : Less than 30]]>
            </line>
            <line>
              <![CDATA[Check box / Radio  : radio]]>
            </line>
            <line>
              <![CDATA[Selected Attribute : Biryani]]>
            </line>
            <line>
              <![CDATA[Check box / Radio  : checkbox]]>
            </line>
            <line>
              <![CDATA[Selected Attribute : Breakfast]]>
            </line>
            <line>
              <![CDATA[Check box / Radio  : checkbox]]>
            </line>
            <line>
              <![CDATA[Selected locality : Agaram]]>
            </line>
            <line>
              <![CDATA[Note: Contact info vaules are filled]]>
            </line>
            <line>
              <![CDATA[Note: OTP vaule is filled]]>
            </line>
            <line>
              <![CDATA[Thank you message is display]]>
            </line>
            <line>
              <![CDATA[Dashboard landed succesfully]]>
            </line>
          </reporter-output>
        </test-method> <!-- SearchLCF -->
        <test-method status="PASS" signature="quit()[pri:0, instance:lcfFaces.C2_SearchAjexSelect@13a57a3b]" name="quit" is-config="true" duration-ms="924" started-at="2017-07-20T10:17:04Z" finished-at="2017-07-20T10:17:05Z">
          <reporter-output>
          </reporter-output>
        </test-method> <!-- quit -->
        <test-method status="PASS" signature="teardown(org.testng.ITestResult)[pri:0, instance:lcfFaces.C2_SearchAjexSelect@13a57a3b]" name="teardown" is-config="true" duration-ms="0" started-at="2017-07-20T10:17:04Z" finished-at="2017-07-20T10:17:04Z">
          <params>
            <param index="0">
              <value>
                <![CDATA[[TestResult name=SearchLCF status=SUCCESS method=C2_SearchAjexSelect.SearchLCF()[pri:0, instance:lcfFaces.C2_SearchAjexSelect@13a57a3b] output=https://www.sulekha.com/ac-services/chennai]]]>
              </value>
            </param>
          </params>
          <reporter-output>
          </reporter-output>
        </test-method> <!-- teardown -->
      </class> <!-- lcfFaces.C2_SearchAjexSelect -->
    </test> <!-- C2_SearchAjexSelect -->
    <test name="C3_AttributeType" duration-ms="93902" started-at="2017-07-20T04:47:05Z" finished-at="2017-07-20T04:48:39Z">
      <class name="lcfFaces.C3_AttributeType">
        <test-method status="PASS" signature="MobileChromeBrowser()[pri:0, instance:lcfFaces.C3_AttributeType@7946e1f4]" name="MobileChromeBrowser" is-config="true" duration-ms="3080" started-at="2017-07-20T10:17:05Z" finished-at="2017-07-20T10:17:08Z">
          <reporter-output>
          </reporter-output>
        </test-method> <!-- MobileChromeBrowser -->
        <test-method status="PASS" signature="Need1AttributeType()[pri:0, instance:lcfFaces.C3_AttributeType@7946e1f4]" name="Need1AttributeType" duration-ms="89924" started-at="2017-07-20T10:17:08Z" finished-at="2017-07-20T10:18:38Z">
          <reporter-output>
            <line>
              <![CDATA[https://www.sulekha.com/cleaning-services/chennai]]>
            </line>
            <line>
              <![CDATA[First need 1 Attribute type is correct > radio : radio]]>
            </line>
            <line>
              <![CDATA[Selected Attribute : Cleaning services]]>
            </line>
            <line>
              <![CDATA[First need 2 Attribute type is correct > checkbox : checkbox]]>
            </line>
            <line>
              <![CDATA[Selected Attribute : Apartment]]>
            </line>
            <line>
              <![CDATA[First need 3 Attribute type is correct > radio : radio]]>
            </line>
            <line>
              <![CDATA[Selected Attribute : Basic cleaning]]>
            </line>
            <line>
              <![CDATA[First need 4 Attribute type is correct > checkbox : checkbox]]>
            </line>
            <line>
              <![CDATA[Selected Attribute : Floor]]>
            </line>
            <line>
              <![CDATA[Total form count : 4]]>
            </line>
            <line>
              <![CDATA[********** 1 need completed ]]>
            </line>
            <line>
              <![CDATA[  ]]>
            </line>
            <line>
              <![CDATA[First need 1 Attribute type is correct > radio : radio]]>
            </line>
            <line>
              <![CDATA[Selected Attribute : Septic tank / drainage cleaning services]]>
            </line>
            <line>
              <![CDATA[First need 2 Attribute type is correct > radio : radio]]>
            </line>
            <line>
              <![CDATA[Selected Attribute : Drainage]]>
            </line>
            <line>
              <![CDATA[First need 3 Attribute type is correct > radio : radio]]>
            </line>
            <line>
              <![CDATA[Selected Attribute : Blocked drainage]]>
            </line>
            <line>
              <![CDATA[Total form count : 3]]>
            </line>
            <line>
              <![CDATA[********** 2 need completed ]]>
            </line>
            <line>
              <![CDATA[  ]]>
            </line>
            <line>
              <![CDATA[First need 1 Attribute type is correct > radio : radio]]>
            </line>
            <line>
              <![CDATA[Selected Attribute : Garbage disposal services]]>
            </line>
            <line>
              <![CDATA[First need 2 Attribute type is correct > checkbox : checkbox]]>
            </line>
            <line>
              <![CDATA[Selected Attribute : Electronic items]]>
            </line>
            <line>
              <![CDATA[First need 3 Attribute type is correct > radio : radio]]>
            </line>
            <line>
              <![CDATA[Selected Attribute : Industrial]]>
            </line>
            <line>
              <![CDATA[First need 4 Attribute type is correct > radio : radio]]>
            </line>
            <line>
              <![CDATA[Selected Attribute : Yearly]]>
            </line>
            <line>
              <![CDATA[Total form count : 4]]>
            </line>
            <line>
              <![CDATA[********** 3 need completed ]]>
            </line>
            <line>
              <![CDATA[  ]]>
            </line>
          </reporter-output>
        </test-method> <!-- Need1AttributeType -->
        <test-method status="PASS" signature="teardown(org.testng.ITestResult)[pri:0, instance:lcfFaces.C3_AttributeType@7946e1f4]" name="teardown" is-config="true" duration-ms="0" started-at="2017-07-20T10:18:38Z" finished-at="2017-07-20T10:18:38Z">
          <params>
            <param index="0">
              <value>
                <![CDATA[[TestResult name=Need1AttributeType status=SUCCESS method=C3_AttributeType.Need1AttributeType()[pri:0, instance:lcfFaces.C3_AttributeType@7946e1f4] output=https://www.sulekha.com/cleaning-services/chennai]]]>
              </value>
            </param>
          </params>
          <reporter-output>
          </reporter-output>
        </test-method> <!-- teardown -->
        <test-method status="PASS" signature="quit()[pri:0, instance:lcfFaces.C3_AttributeType@7946e1f4]" name="quit" is-config="true" duration-ms="897" started-at="2017-07-20T10:18:38Z" finished-at="2017-07-20T10:18:39Z">
          <reporter-output>
          </reporter-output>
        </test-method> <!-- quit -->
      </class> <!-- lcfFaces.C3_AttributeType -->
    </test> <!-- C3_AttributeType -->
  </suite> <!-- Suite -->
</testng-results>
