<?xml version="1.0" encoding="UTF-8"?>
<!-- Generated by org.testng.reporters.JUnitXMLReporter -->
<testsuite hostname="DESK-1989" name="Mobile_NonCore_Listing" tests="4" failures="0" timestamp="20 Jul 2017 04:19:41 GMT" time="141.172" errors="0">
  <testcase name="TC001_Filterby" time="28.801" classname="listingProfile.AA2_Mobile_NonCore_Listing"/>
  <testcase name="TC002_Listing_SavetoPhone" time="34.29" classname="listingProfile.AA2_Mobile_NonCore_Listing">
    <skipped/>
  </testcase> <!-- TC002_Listing_SavetoPhone -->
  <testcase name="TC002_Listing_SavetoPhone" time="32.716" classname="listingProfile.AA2_Mobile_NonCore_Listing"/>
  <testcase name="TC003_GetquoteButtonHide" time="42.514" classname="listingProfile.AA2_Mobile_NonCore_Listing"/>
</testsuite> <!-- Mobile_NonCore_Listing -->
