<?xml version="1.0" encoding="UTF-8"?>
<!-- Generated by org.testng.reporters.JUnitXMLReporter -->
<testsuite hostname="DESK-1989" name="Mobile_VDL_Listing" tests="5" failures="1" timestamp="20 Jul 2017 04:17:19 GMT" time="182.376" errors="0">
  <testcase name="TC001_Filterby" time="53.856" classname="listingProfile.AA1_Mobile_VDL_Listing"/>
  <testcase name="TC002_Listing_SavetoPhone" time="56.49" classname="listingProfile.AA1_Mobile_VDL_Listing">
    <skipped/>
  </testcase> <!-- TC002_Listing_SavetoPhone -->
  <testcase name="TC002_Listing_SavetoPhone" time="54.886" classname="listingProfile.AA1_Mobile_VDL_Listing">
    <failure type="java.lang.AssertionError" message="null">
      <![CDATA[java.lang.AssertionError: null
	at listingProfile.AA1_Mobile_VDL_Listing.TC002_Listing_SavetoPhone(AA1_Mobile_VDL_Listing.java:227)
... Removed 25 stack frames]]>
    </failure>
  </testcase> <!-- TC002_Listing_SavetoPhone -->
  <testcase name="TC003_GetquoteButtonHide" time="8.773" classname="listingProfile.AA1_Mobile_VDL_Listing"/>
  <testcase name="US_API_City_selection" time="0.702" classname="listingProfile.AA1_Mobile_VDL_Listing"/>
</testsuite> <!-- Mobile_VDL_Listing -->
